#
# A fatal error has been detected by the Java Runtime Environment:
#
#  EXCEPTION_ACCESS_VIOLATION (0xc0000005) at pc=0x0000014ff1c60fa4, pid=18612, tid=21932
#
# JRE version: OpenJDK Runtime Environment Temurin-21.0.5+11 (21.0.5+11) (build 21.0.5+11-LTS)
# Java VM: OpenJDK 64-Bit Server VM Temurin-21.0.5+11 (21.0.5+11-LTS, mixed mode, emulated-client, sharing, tiered, compressed oops, compressed class ptrs, g1 gc, windows-amd64)
# Problematic frame:
# v  ~BufferBlob::MethodHandles adapters 0x0000014ff1c60fa4
#
# No core dump will be written. Minidumps are not enabled by default on client versions of Windows
#
# If you would like to submit a bug report, please visit:
#   https://github.com/adoptium/adoptium-support/issues
#

---------------  S U M M A R Y ------------

Command Line: -XX:+ShowCodeDetailsInExceptionMessages -agentlib:jdwp=transport=dt_socket,suspend=y,address=localhost:58625 -Dcom.sun.management.jmxremote -Dcom.sun.management.jmxremote.port=58612 -Dcom.sun.management.jmxremote.authenticate=false -Dcom.sun.management.jmxremote.ssl=false -Djava.rmi.server.hostname=localhost -Dspring.jmx.enabled=true -Dmanagement.endpoints.jmx.exposure.include=* -Dspring.application.admin.enabled=true -XX:TieredStopAtLevel=1 -Dspring.boot.project.name=MAHASBR -javaagent:E:\spring-tool-suite\sts-4.27.0.RELEASE\configuration\org.eclipse.osgi\275\0\.cp\lib\javaagent-shaded.jar -Dfile.encoding=UTF-8 -Dstdout.encoding=UTF-8 -Dstderr.encoding=UTF-8 com.mahasbr.SbrBackEndProjectApplication --spring.output.ansi.enabled=always

Host: Intel(R) Core(TM) i5-9500 CPU @ 3.00GHz, 6 cores, 15G,  Windows 10 , 64 bit Build 19041 (10.0.19041.3636)
Time: Mon Jul 21 13:24:25 2025 India Standard Time elapsed time: 8436.029599 seconds (0d 2h 20m 36s)

---------------  T H R E A D  ---------------

Current thread (0x0000014fc6a435b0):  JavaThread "http-nio-8085-exec-1" daemon [_thread_in_Java, id=21932, stack(0x00000026aa200000,0x00000026aa300000) (1024K)]

Stack: [0x00000026aa200000,0x00000026aa300000],  sp=0x00000026aa2f9c08,  free space=999k
Native frames: (J=compiled Java code, j=interpreted, Vv=VM code, C=native code)
C  0x0000014ff1c60fa4

The last pc belongs to _linkToVirtual (printed below).

siginfo: EXCEPTION_ACCESS_VIOLATION (0xc0000005), reading address 0xffffffffffffffff


Registers:
RAX=0x0000014ff1c3958b, RBX=0x0000000706757c00, RCX=0x00000026aa2f9c18, RDX=0x0000000000000003
RSP=0x00000026aa2f9c08, RBP=0x00000026aa2f9c60, RSI=0x0000014fc67d3228, RDI=0x0000014fc6bed9f0
R8 =0x0000000000000004, R9 =0x0000000000000004, R10=0x0000015041b60273, R11=0xe0ceaf8300000000
R12=0x0000000000000000, R13=0x00000026aa2f9c08, R14=0x00000026aa2f9c88, R15=0x0000014fc6a435b0
RIP=0x0000014ff1c60fa4, EFLAGS=0x0000000000010202


Register to memory mapping:

RAX=0x0000014ff1c3958b is at code_begin+4363 in an Interpreter codelet
return entry points  [0x0000014ff1c38480, 0x0000014ff1c3a298]  7704 bytes
RBX=0x0000000706757c00 is an oop: java.lang.String 
{0x0000000706757c00} - klass: 'java/lang/String'
 - string: "["503","501","515"]"
 - ---- fields (total size 3 words):
 - private 'hash' 'I' @12  0 (0x00000000)
 - private final 'coder' 'B' @16  0 (0x00)
 - private 'hashIsZero' 'Z' @17  false (0x00)
 - injected 'flags' 'B' @18  0 (0x00)
 - private final 'value' '[B' @20  [B{0x0000000706757c18} (0xe0ceaf83)
RCX=0x00000026aa2f9c18 is pointing into the stack for thread: 0x0000014fc6a435b0
RDX=0x0000000000000003 is an unknown value
RSP=0x00000026aa2f9c08 is pointing into the stack for thread: 0x0000014fc6a435b0
RBP=0x00000026aa2f9c60 is pointing into the stack for thread: 0x0000014fc6a435b0
RSI=0x0000014fc67d3228 points into unknown readable memory: 0x880043a3b36fcafd | fd ca 6f b3 a3 43 00 88
RDI=0x0000014fc6bed9f0 points into unknown readable memory: 0x0000002000000070 | 70 00 00 00 20 00 00 00
R8 =0x0000000000000004 is an unknown value
R9 =0x0000000000000004 is an unknown value
R10=0x0000015041b60273 is an unknown value
R11=0xe0ceaf8300000000 is an unknown value
R12=0x0 is null
R13=0x00000026aa2f9c08 is pointing into the stack for thread: 0x0000014fc6a435b0
R14=0x00000026aa2f9c88 is pointing into the stack for thread: 0x0000014fc6a435b0
R15=0x0000014fc6a435b0 is a thread

Top of Stack: (sp=0x00000026aa2f9c08)
0x00000026aa2f9c08:   0000014ff1c3958b 0000000706f1c398
0x00000026aa2f9c18:   00000026aa2f9c18 0000014fc1b60273
0x00000026aa2f9c28:   0000000000000005 0000014fc1b603c0
0x00000026aa2f9c38:   0000014fcbdeac20 0000000704204068
0x00000026aa2f9c48:   0000014fc1b60280 00000026aa2f9c08
0x00000026aa2f9c58:   00000026aa2f9c90 00000026aa2f9fb8
0x00000026aa2f9c68:   0000014ff1df69b7 0000000707722808
0x00000026aa2f9c78:   0000000706757c00 0000000706f1c398
0x00000026aa2f9c88:   00000007077227e0 0000000706c75670
0x00000026aa2f9c98:   0000014ff1db651e 0000000709f29790
0x00000026aa2f9ca8:   0000000706c75670 0000000707722838
0x00000026aa2f9cb8:   0000000706f1c398 0000000707722868
0x00000026aa2f9cc8:   0000000706757c00 0000000706757c00
0x00000026aa2f9cd8:   0000000707722890 00000007077227e0
0x00000026aa2f9ce8:   0000000706f1c398 0000014ff1df68d4
0x00000026aa2f9cf8:   0000000000000001 00000026aa2f9fb8
0x00000026aa2f9d08:   0000014ff26e72b2 0000000709f29790
0x00000026aa2f9d18:   00000007056e76c0 00000026aa2f9e00
0x00000026aa2f9d28:   0000014ff2ab2f54 0000014ff2ab2390
0x00000026aa2f9d38:   0000000000000000 0000450000000000
0x00000026aa2f9d48:   00007ff842f5d1fc 00000026aa2f9fb8
0x00000026aa2f9d58:   0000014ff1ff6844 00000026aa2fa068
0x00000026aa2f9d68:   0000000000000000 0000000000000002
0x00000026aa2f9d78:   0000000000000c00 0000000000000000
0x00000026aa2f9d88:   0000000000000000 0000000000000000
0x00000026aa2f9d98:   0000000000000000 0000000000000000
0x00000026aa2f9da8:   0000000000000000 0000000000000000
0x00000026aa2f9db8:   0000000000000000 00000007077228b8
0x00000026aa2f9dc8:   0000000706757be8 0000000706f1c398
0x00000026aa2f9dd8:   00000007079dd400 00000007056e76c0
0x00000026aa2f9de8:   0000000706c75670 0000000706c75670
0x00000026aa2f9df8:   0000014f00000001 0000000709f29790 

Instructions: (pc=0x0000014ff1c60fa4)
0x0000014ff1c60ea4:   4f 01 00 00 00 0f c6 f1 4f 01 00 00 80 1f c6 f1
0x0000014ff1c60eb4:   4f 01 00 00 f0 0e c6 f1 4f 01 00 00 f0 0e c6 f1
0x0000014ff1c60ec4:   4f 01 00 00 00 00 00 00 00 00 00 00 f8 76 2e 43
0x0000014ff1c60ed4:   f8 7f 00 00 f0 10 00 00 60 00 00 00 ff ff ff ff
0x0000014ff1c60ee4:   f0 10 00 00 00 00 00 00 00 00 00 00 00 00 00 00
0x0000014ff1c60ef4:   00 00 00 00 00 00 00 00 00 00 00 00 f4 66 66 66
0x0000014ff1c60f04:   0f 1f 84 00 00 00 00 00 66 66 66 90 66 66 66 0f
0x0000014ff1c60f14:   1f 84 00 00 00 00 00 66 66 66 90 90 48 8b 53 08
0x0000014ff1c60f24:   0f b7 52 2e 48 8b 0c d4 8b 59 14 48 c1 e3 03 8b
0x0000014ff1c60f34:   5b 28 48 c1 e3 03 8b 5b 24 48 c1 e3 03 48 8b 5b
0x0000014ff1c60f44:   10 48 85 db 0f 84 10 00 00 00 41 80 bf d8 05 00
0x0000014ff1c60f54:   00 00 74 03 ff 63 38 ff 63 50 e9 9d 16 00 00 66
0x0000014ff1c60f64:   66 66 0f 1f 84 00 00 00 00 00 66 66 66 90 66 66
0x0000014ff1c60f74:   0f 1f 84 00 00 00 00 00 66 66 66 90 48 8b 53 08
0x0000014ff1c60f84:   0f b7 52 2e 48 8b 0c d4 58 5b 50 44 8b 51 08 49
0x0000014ff1c60f94:   bb 00 00 00 80 4f 01 00 00 4d 03 d3 4c 8b 5b 10
0x0000014ff1c60fa4:   4b 8b 9c da c0 01 00 00 48 85 db 0f 84 10 00 00
0x0000014ff1c60fb4:   00 41 80 bf d8 05 00 00 00 74 03 ff 63 38 ff 63
0x0000014ff1c60fc4:   50 e9 36 16 00 00 66 66 66 0f 1f 84 00 00 00 00
0x0000014ff1c60fd4:   00 66 66 66 90 0f 1f 80 00 00 00 00 58 5b 50 8b
0x0000014ff1c60fe4:   5b 24 48 c1 e3 03 48 8b 5b 10 48 85 db 0f 84 10
0x0000014ff1c60ff4:   00 00 00 41 80 bf d8 05 00 00 00 74 03 ff 63 38
0x0000014ff1c61004:   ff 63 50 e9 f4 15 00 00 66 66 66 0f 1f 84 00 00
0x0000014ff1c61014:   00 00 00 66 66 66 90 0f 1f 44 00 00 48 8b 53 08
0x0000014ff1c61024:   0f b7 52 2e 48 8b 0c d4 58 5b 50 48 3b 01 8b 5b
0x0000014ff1c61034:   24 48 c1 e3 03 48 8b 5b 10 48 85 db 0f 84 10 00
0x0000014ff1c61044:   00 00 41 80 bf d8 05 00 00 00 74 03 ff 63 38 ff
0x0000014ff1c61054:   63 50 e9 a5 15 00 00 0f 1f 44 00 00 48 8b 53 08
0x0000014ff1c61064:   0f b7 52 2e 48 8b 0c d4 58 5b 50 44 8b 51 08 49
0x0000014ff1c61074:   bb 00 00 00 80 4f 01 00 00 4d 03 d3 8b 43 18 48
0x0000014ff1c61084:   c1 e0 03 48 8b 40 10 48 8b 5b 10 45 8b 9a a0 00
0x0000014ff1c61094:   00 00 4f 8d 9c da c0 01 00 00 4d 8d 14 da 49 8b 


Stack slot to memory mapping:

stack at sp + 0 slots: 0x0000014ff1c3958b is at code_begin+4363 in an Interpreter codelet
return entry points  [0x0000014ff1c38480, 0x0000014ff1c3a298]  7704 bytes
stack at sp + 1 slots: 0x0000000706f1c398 is an oop: com.mahasbr.controller.SearchBRNController 
{0x0000000706f1c398} - klass: 'com/mahasbr/controller/SearchBRNController'
 - ---- fields (total size 4 words):
 - private final 'districtservice' 'Lcom/mahasbr/service/DistrictMasterService;' @12  a 'com/mahasbr/service/DistrictMasterServiceImpl'{0x0000000706888c98} (0xe0d11193)
 - private final 'commonService' 'Lcom/mahasbr/service/CommonService;' @16  a 'com/mahasbr/service/CommonServiceImpl$$SpringCGLIB$$0'{0x0000000705d5b798} (0xe0bab6f3)
 - private final 'mstRegistryDetailsPageService' 'Lcom/mahasbr/service/MstRegistryDetailsPageService;' @20  a 'com/mahasbr/service/MstRegistryDetailsPageServiceImpl'{0x0000000705bff578} (0xe0b7feaf)
 - private final 'talukaMasterService' 'Lcom/mahasbr/service/TalukaMasterService;' @24  a 'com/mahasbr/service/TalukaMasterServiceImpl'{0x000000070663f3f0} (0xe0cc7e7e)
stack at sp + 2 slots: 0x00000026aa2f9c18 is pointing into the stack for thread: 0x0000014fc6a435b0
stack at sp + 3 slots: 0x0000014fc1b60273 is pointing into metadata
stack at sp + 4 slots: 0x0000000000000005 is an unknown value
stack at sp + 5 slots: 0x0000014fc1b603c0 is pointing into metadata
stack at sp + 6 slots: 0x0000014fcbdeac20 points into unknown readable memory: 0x0000001e00000003 | 03 00 00 00 1e 00 00 00
stack at sp + 7 slots: 0x0000000704204068 is an oop: java.lang.Class 
{0x0000000704204068} - klass: 'java/lang/Class'
 - ---- fields (total size 15 words):
 - private volatile transient 'classRedefinedCount' 'I' @12  0 (0x00000000)
 - injected 'klass' 'J' @16  1440980255744 (0x0000014f811dc400)
 - injected 'array_klass' 'J' @24  0 (0x0000000000000000)
 - injected 'oop_size' 'I' @32  15 (0x0000000f)
 - injected 'static_oop_field_count' 'I' @36  1 (0x00000001)
 - private volatile transient 'cachedConstructor' 'Ljava/lang/reflect/Constructor;' @40  null (0x00000000)
 - private transient 'name' 'Ljava/lang/String;' @44  null (0x00000000)
 - private transient 'module' 'Ljava/lang/Module;' @48  a 'java/lang/Module'{0x0000000703d4d398} (0xe07a9a73)
 - private final 'classLoader' 'Ljava/lang/ClassLoader;' @52  null (0x00000000)
 - private transient 'classData' 'Ljava/lang/Object;' @56  a 'java/lang/invoke/LambdaForm'{0x000000070420e6e8} => a 'java/lang/invoke/MemberName'{0x000000070420e818} = {method} {0x0000014fc1b60288} 'invokeVirtual' '(Ljava/lang/Object;Ljava/lang/Object;Ljava/lang/Object;)Ljava/lang/Object;' in 'java/lang/invoke/LambdaForm$DMH+0x0000014f811dc400' (0xe0841cdd)
 - private transient 'packageName' 'Ljava/lang/String;' @60  null (0x00000000)
 - private final 'componentType' 'Ljava/lang/Class;' @64  null (0x00000000)
 - private volatile transient 'reflectionData' 'Ljava/lang/ref/SoftReference;' @68  null (0x00000000)
 - private volatile transient 'genericInfo' 'Lsun/reflect/generics/repository/ClassRepository;' @72  null (0x00000000)
 - private volatile transient 'enumConstants' '[Ljava/lang/Object;' @76  null (0x00000000)
 - private volatile transient 'enumConstantDirectory' 'Ljava/util/Map;' @80  null (0x00000000)
 - private volatile transient 'annotationData' 'Ljava/lang/Class$AnnotationData;' @84  null (0x00000000)
 - private volatile transient 'annotationType' 'Lsun/reflect/annotation/AnnotationType;' @88  null (0x00000000)
 - transient 'classValueMap' 'Ljava/lang/ClassValue$ClassValueMap;' @92  null (0x00000000)
 - injected 'protection_domain' 'Ljava/lang/Object;' @96  null (0x00000000)
 - injected 'signers_name' 'Ljava/lang/Object;' @100  null (0x00000000)
 - injected 'source_file' 'Ljava/lang/Object;' @104  null (0x00000000)
 - injected '<init_lock>' 'Ljava/lang/Object;' @108  null (0x00000000)
 - signature: Ljava/lang/invoke/LambdaForm$DMH+0x0000014f811dc400;
 - ---- static fields (1):
 - static final '_D_0' 'Ljava/lang/invoke/LambdaForm;' @112  a 'java/lang/invoke/LambdaForm'{0x000000070420e6e8} => a 'java/lang/invoke/MemberName'{0x000000070420e818} = {method} {0x0000014fc1b60288} 'invokeVirtual' '(Ljava/lang/Object;Ljava/lang/Object;Ljava/lang/Object;)Ljava/lang/Object;' in 'java/lang/invoke/LambdaForm$DMH+0x0000014f811dc400' (0xe0841cdd)

MethodHandle::interpreter_entry::_linkToVirtual [0x0000014ff1c60f63, 0x0000014ff1c60fca] (103 bytes)
[MachCode]
  0x0000014ff1c60f63: 6666 660f | 1f84 0000 | 0000 0066 | 6666 9066 | 660f 1f84 | 0000 0000 | 0066 6666 | 9048 8b53 
  0x0000014ff1c60f83: 080f b752 | 2e48 8b0c | d458 5b50 | 448b 5108 | 49bb 0000 | 0080 4f01 | 0000 4d03 | d34c 8b5b 
  0x0000014ff1c60fa3: 104b 8b9c | dac0 0100 | 0048 85db | 0f84 1000 | 0000 4180 | bfd8 0500 | 0000 7403 | ff63 38ff 
  0x0000014ff1c60fc3: 6350 e936 | 
[/MachCode]

---------------  P R O C E S S  ---------------

Threads class SMR info:
_java_thread_list=0x0000014fcb6bd7f0, length=28, elements={
0x0000014ffc380c00, 0x0000014ffc382460, 0x0000014ffc385fe0, 0x0000014ffc387e70,
0x0000014ffc3899b0, 0x0000014ffc38dab0, 0x0000014ffc38f5f0, 0x0000014ffc352680,
0x0000014ffc6342a0, 0x0000014ffc654100, 0x0000014ffc6588b0, 0x0000014ffd0e2610,
0x0000014ffd2808f0, 0x0000014ffd285c60, 0x0000014ffd3370b0, 0x0000014ffd2a0250,
0x0000014ffd2b3ba0, 0x0000014ffd9035e0, 0x0000014ffd905d40, 0x0000014fc5caf2d0,
0x0000014fc6a43c40, 0x0000014fc5cab130, 0x0000014fc6a435b0, 0x0000014fc5ca9060,
0x0000014fc5caf960, 0x0000014fc6c59bc0, 0x0000014fc6c5d040, 0x0000014fc6c5c320
}

Java Threads: ( => current thread )
  0x0000014ffc380c00 JavaThread "Reference Handler"          daemon [_thread_blocked, id=10568, stack(0x00000026a8100000,0x00000026a8200000) (1024K)]
  0x0000014ffc382460 JavaThread "Finalizer"                  daemon [_thread_blocked, id=1512, stack(0x00000026a8200000,0x00000026a8300000) (1024K)]
  0x0000014ffc385fe0 JavaThread "Signal Dispatcher"          daemon [_thread_blocked, id=23444, stack(0x00000026a8300000,0x00000026a8400000) (1024K)]
  0x0000014ffc387e70 JavaThread "Attach Listener"            daemon [_thread_blocked, id=24496, stack(0x00000026a8400000,0x00000026a8500000) (1024K)]
  0x0000014ffc3899b0 JavaThread "Service Thread"             daemon [_thread_blocked, id=24292, stack(0x00000026a8500000,0x00000026a8600000) (1024K)]
  0x0000014ffc38dab0 JavaThread "Monitor Deflation Thread"   daemon [_thread_blocked, id=11432, stack(0x00000026a8600000,0x00000026a8700000) (1024K)]
  0x0000014ffc38f5f0 JavaThread "C1 CompilerThread0"         daemon [_thread_blocked, id=19892, stack(0x00000026a8700000,0x00000026a8800000) (1024K)]
  0x0000014ffc352680 JavaThread "Common-Cleaner"             daemon [_thread_blocked, id=21280, stack(0x00000026a8800000,0x00000026a8900000) (1024K)]
  0x0000014ffc6342a0 JavaThread "JDWP Transport Listener: dt_socket" daemon [_thread_blocked, id=14716, stack(0x00000026a8a00000,0x00000026a8b00000) (1024K)]
  0x0000014ffc654100 JavaThread "JDWP Event Helper Thread"   daemon [_thread_blocked, id=22476, stack(0x00000026a8b00000,0x00000026a8c00000) (1024K)]
  0x0000014ffc6588b0 JavaThread "JDWP Command Reader"        daemon [_thread_in_native, id=12368, stack(0x00000026a8c00000,0x00000026a8d00000) (1024K)]
  0x0000014ffd0e2610 JavaThread "Notification Thread"        daemon [_thread_blocked, id=24436, stack(0x00000026a8d00000,0x00000026a8e00000) (1024K)]
  0x0000014ffd2808f0 JavaThread "RMI TCP Accept-0"           daemon [_thread_in_native, id=14848, stack(0x00000026a9400000,0x00000026a9500000) (1024K)]
  0x0000014ffd285c60 JavaThread "RMI TCP Accept-58612"       daemon [_thread_in_native, id=24552, stack(0x00000026a9500000,0x00000026a9600000) (1024K)]
  0x0000014ffd3370b0 JavaThread "RMI TCP Accept-0"           daemon [_thread_in_native, id=22940, stack(0x00000026a9700000,0x00000026a9800000) (1024K)]
  0x0000014ffd2a0250 JavaThread "RMI Scheduler(0)"           daemon [_thread_blocked, id=19484, stack(0x00000026a9800000,0x00000026a9900000) (1024K)]
  0x0000014ffd2b3ba0 JavaThread "JMX server connection timeout 35" daemon [_thread_blocked, id=15820, stack(0x00000026a9a00000,0x00000026a9b00000) (1024K)]
  0x0000014ffd9035e0 JavaThread "oracle.jdbc.driver.BlockSource.ThreadedCachingBlockSource.BlockReleaser" daemon [_thread_blocked, id=18728, stack(0x00000026aa000000,0x00000026aa100000) (1024K)]
  0x0000014ffd905d40 JavaThread "InterruptTimer"             daemon [_thread_blocked, id=24312, stack(0x00000026aa100000,0x00000026aa200000) (1024K)]
  0x0000014fc5caf2d0 JavaThread "Live Reload Server"         daemon [_thread_in_native, id=23472, stack(0x00000026aa700000,0x00000026aa800000) (1024K)]
  0x0000014fc6a43c40 JavaThread "DestroyJavaVM"                     [_thread_blocked, id=15640, stack(0x00000026a7900000,0x00000026a7a00000) (1024K)]
  0x0000014fc5cab130 JavaThread "RMI TCP Connection(192)-127.0.0.1" daemon [_thread_in_native, id=6996, stack(0x00000026ab000000,0x00000026ab100000) (1024K)]
=>0x0000014fc6a435b0 JavaThread "http-nio-8085-exec-1"       daemon [_thread_in_Java, id=21932, stack(0x00000026aa200000,0x00000026aa300000) (1024K)]
  0x0000014fc5ca9060 JavaThread "Thread-104"                        [_thread_blocked, id=13712, stack(0x00000026a7600000,0x00000026a7700000) (1024K)]
  0x0000014fc5caf960 JavaThread "OJDBC-WORKER-THREAD-12"     daemon [_thread_blocked, id=20012, stack(0x00000026a9600000,0x00000026a9700000) (1024K)]
  0x0000014fc6c59bc0 JavaThread "File Watcher"               daemon [_thread_blocked, id=15852, stack(0x00000026a8900000,0x00000026a8a00000) (1024K)]
  0x0000014fc6c5d040 JavaThread "restartedMain"                     [_thread_in_native, id=1544, stack(0x00000026a7800000,0x00000026a7900000) (1024K)]
  0x0000014fc6c5c320 JavaThread "HikariPool-14 housekeeper"  daemon [_thread_blocked, id=17596, stack(0x00000026a9b00000,0x00000026a9c00000) (1024K)]
Total: 28

Other Threads:
  0x0000014ffc364150 VMThread "VM Thread"                           [id=15324, stack(0x00000026a8000000,0x00000026a8100000) (1024K)]
  0x0000014ffc351b10 WatcherThread "VM Periodic Task Thread"        [id=22752, stack(0x00000026a7f00000,0x00000026a8000000) (1024K)]
  0x0000014fee19ce60 WorkerThread "GC Thread#0"                     [id=2280, stack(0x00000026a7a00000,0x00000026a7b00000) (1024K)]
  0x0000014ffd11de90 WorkerThread "GC Thread#1"                     [id=19468, stack(0x00000026a8e00000,0x00000026a8f00000) (1024K)]
  0x0000014ffd130b90 WorkerThread "GC Thread#2"                     [id=19280, stack(0x00000026a8f00000,0x00000026a9000000) (1024K)]
  0x0000014ffd130f30 WorkerThread "GC Thread#3"                     [id=21224, stack(0x00000026a9000000,0x00000026a9100000) (1024K)]
  0x0000014ffd1312d0 WorkerThread "GC Thread#4"                     [id=14532, stack(0x00000026a9100000,0x00000026a9200000) (1024K)]
  0x0000014ffd131670 WorkerThread "GC Thread#5"                     [id=17576, stack(0x00000026a9200000,0x00000026a9300000) (1024K)]
  0x0000014fee1ae3f0 ConcurrentGCThread "G1 Main Marker"            [id=12764, stack(0x00000026a7b00000,0x00000026a7c00000) (1024K)]
  0x0000014fee1aee00 WorkerThread "G1 Conc#0"                       [id=24008, stack(0x00000026a7c00000,0x00000026a7d00000) (1024K)]
  0x0000014ffe123490 WorkerThread "G1 Conc#1"                       [id=24164, stack(0x00000026a9e00000,0x00000026a9f00000) (1024K)]
  0x0000014ffc225200 ConcurrentGCThread "G1 Refine#0"               [id=9644, stack(0x00000026a7d00000,0x00000026a7e00000) (1024K)]
  0x0000014ffc225b80 ConcurrentGCThread "G1 Service"                [id=19512, stack(0x00000026a7e00000,0x00000026a7f00000) (1024K)]
Total: 13

Threads with active compile tasks:
Total: 0

VM state: not at safepoint (normal execution)

VM Mutex/Monitor currently owned by a thread: None

Heap address: 0x0000000703800000, size: 4040 MB, Compressed Oops mode: Zero based, Oop shift amount: 3

CDS archive(s) mapped at: [0x0000014f80000000-0x0000014f80c80000-0x0000014f80c80000), size 13107200, SharedBaseAddress: 0x0000014f80000000, ArchiveRelocationMode: 1.
Compressed class space mapped at: 0x0000014f81000000-0x0000014fc1000000, reserved size: 1073741824
Narrow klass base: 0x0000014f80000000, Narrow klass shift: 0, Narrow klass range: 0x100000000

GC Precious Log:
 CardTable entry size: 512
 Card Set container configuration: InlinePtr #cards 4 size 8 Array Of Cards #cards 16 size 48 Howl #buckets 8 coarsen threshold 3686 Howl Bitmap #cards 512 size 80 coarsen threshold 460 Card regions per heap region 1 cards per card region 4096
 CPUs: 6 total, 6 available
 Memory: 16158M
 Large Page Support: Disabled
 NUMA Support: Disabled
 Compressed Oops: Enabled (Zero based)
 Heap Region Size: 2M
 Heap Min Capacity: 8M
 Heap Initial Capacity: 254M
 Heap Max Capacity: 4040M
 Pre-touch: Disabled
 Parallel Workers: 6
 Concurrent Workers: 2
 Concurrent Refinement Workers: 6
 Periodic GC: Disabled

Heap:
 garbage-first heap   total 192512K, used 89373K [0x0000000703800000, 0x0000000800000000)
  region size 2048K, 9 young (18432K), 4 survivors (8192K)
 Metaspace       used 120692K, committed 121792K, reserved 1179648K
  class space    used 15889K, committed 16384K, reserved 1048576K

Heap Regions: E=young(eden), S=young(survivor), O=old, HS=humongous(starts), HC=humongous(continues), CS=collection set, F=free, TAMS=top-at-mark-start, PB=parsable bottom
|   0|0x0000000703800000, 0x0000000703a00000, 0x0000000703a00000|100%| O|  |TAMS 0x0000000703800000| PB 0x0000000703800000| Untracked 
|   1|0x0000000703a00000, 0x0000000703c00000, 0x0000000703c00000|100%| O|  |TAMS 0x0000000703a00000| PB 0x0000000703a00000| Untracked 
|   2|0x0000000703c00000, 0x0000000703dfffb0, 0x0000000703e00000| 99%| O|  |TAMS 0x0000000703c00000| PB 0x0000000703c00000| Untracked 
|   3|0x0000000703e00000, 0x0000000703ffca30, 0x0000000704000000| 99%| O|  |TAMS 0x0000000703e00000| PB 0x0000000703e00000| Untracked 
|   4|0x0000000704000000, 0x00000007041fffe8, 0x0000000704200000| 99%| O|  |TAMS 0x0000000704000000| PB 0x0000000704000000| Untracked 
|   5|0x0000000704200000, 0x0000000704400000, 0x0000000704400000|100%| O|  |TAMS 0x0000000704200000| PB 0x0000000704200000| Untracked 
|   6|0x0000000704400000, 0x00000007045fffe8, 0x0000000704600000| 99%| O|  |TAMS 0x0000000704400000| PB 0x0000000704400000| Untracked 
|   7|0x0000000704600000, 0x00000007047fffd8, 0x0000000704800000| 99%| O|  |TAMS 0x0000000704600000| PB 0x0000000704600000| Untracked 
|   8|0x0000000704800000, 0x0000000704a00000, 0x0000000704a00000|100%| O|  |TAMS 0x0000000704800000| PB 0x0000000704800000| Untracked 
|   9|0x0000000704a00000, 0x0000000704bfff78, 0x0000000704c00000| 99%| O|  |TAMS 0x0000000704a00000| PB 0x0000000704a00000| Untracked 
|  10|0x0000000704c00000, 0x0000000704dfffe0, 0x0000000704e00000| 99%| O|  |TAMS 0x0000000704c00000| PB 0x0000000704c00000| Untracked 
|  11|0x0000000704e00000, 0x0000000705000000, 0x0000000705000000|100%| O|  |TAMS 0x0000000704e00000| PB 0x0000000704e00000| Untracked 
|  12|0x0000000705000000, 0x00000007051ffff8, 0x0000000705200000| 99%| O|  |TAMS 0x0000000705000000| PB 0x0000000705000000| Untracked 
|  13|0x0000000705200000, 0x00000007053fffe0, 0x0000000705400000| 99%| O|  |TAMS 0x0000000705200000| PB 0x0000000705200000| Untracked 
|  14|0x0000000705400000, 0x0000000705600000, 0x0000000705600000|100%| O|  |TAMS 0x0000000705400000| PB 0x0000000705400000| Untracked 
|  15|0x0000000705600000, 0x00000007057fffc0, 0x0000000705800000| 99%| O|  |TAMS 0x0000000705600000| PB 0x0000000705600000| Untracked 
|  16|0x0000000705800000, 0x00000007059fffa0, 0x0000000705a00000| 99%| O|  |TAMS 0x0000000705800000| PB 0x0000000705800000| Untracked 
|  17|0x0000000705a00000, 0x0000000705bffff8, 0x0000000705c00000| 99%| O|  |TAMS 0x0000000705a00000| PB 0x0000000705a00000| Untracked 
|  18|0x0000000705c00000, 0x0000000705e00000, 0x0000000705e00000|100%| O|  |TAMS 0x0000000705c00000| PB 0x0000000705c00000| Untracked 
|  19|0x0000000705e00000, 0x0000000706000000, 0x0000000706000000|100%| O|  |TAMS 0x0000000705e00000| PB 0x0000000705e00000| Untracked 
|  20|0x0000000706000000, 0x00000007061ff798, 0x0000000706200000| 99%| O|  |TAMS 0x0000000706000000| PB 0x0000000706000000| Untracked 
|  21|0x0000000706200000, 0x000000070633d5f8, 0x0000000706400000| 61%| O|  |TAMS 0x0000000706200000| PB 0x0000000706200000| Untracked 
|  22|0x0000000706400000, 0x0000000706600000, 0x0000000706600000|100%| O|  |TAMS 0x0000000706400000| PB 0x0000000706400000| Untracked 
|  23|0x0000000706600000, 0x00000007067580e8, 0x0000000706800000| 67%| O|  |TAMS 0x0000000706600000| PB 0x0000000706600000| Untracked 
|  24|0x0000000706800000, 0x00000007069b6858, 0x0000000706a00000| 85%| O|  |TAMS 0x0000000706800000| PB 0x0000000706800000| Untracked 
|  25|0x0000000706a00000, 0x0000000706c00000, 0x0000000706c00000|100%| O|  |TAMS 0x0000000706a00000| PB 0x0000000706a00000| Untracked 
|  26|0x0000000706c00000, 0x0000000706e00000, 0x0000000706e00000|100%| O|  |TAMS 0x0000000706c00000| PB 0x0000000706c00000| Untracked 
|  27|0x0000000706e00000, 0x0000000706f53e88, 0x0000000707000000| 66%| O|Cm|TAMS 0x0000000706e00000| PB 0x0000000706e00000| Complete 
|  28|0x0000000707000000, 0x0000000707200000, 0x0000000707200000|100%| O|  |TAMS 0x0000000707000000| PB 0x0000000707000000| Untracked 
|  29|0x0000000707200000, 0x0000000707400000, 0x0000000707400000|100%| O|  |TAMS 0x0000000707200000| PB 0x0000000707200000| Untracked 
|  30|0x0000000707400000, 0x0000000707600000, 0x0000000707600000|100%| O|  |TAMS 0x0000000707400000| PB 0x0000000707400000| Untracked 
|  31|0x0000000707600000, 0x0000000707800000, 0x0000000707800000|100%| O|  |TAMS 0x0000000707600000| PB 0x0000000707600000| Untracked 
|  32|0x0000000707800000, 0x0000000707a00000, 0x0000000707a00000|100%| O|  |TAMS 0x0000000707800000| PB 0x0000000707800000| Untracked 
|  33|0x0000000707a00000, 0x0000000707c00000, 0x0000000707c00000|100%| O|  |TAMS 0x0000000707a00000| PB 0x0000000707a00000| Untracked 
|  34|0x0000000707c00000, 0x0000000707e00000, 0x0000000707e00000|100%| O|  |TAMS 0x0000000707c00000| PB 0x0000000707c00000| Untracked 
|  35|0x0000000707e00000, 0x0000000708000000, 0x0000000708000000|100%| O|  |TAMS 0x0000000707e00000| PB 0x0000000707e00000| Untracked 
|  36|0x0000000708000000, 0x0000000708200000, 0x0000000708200000|100%| O|  |TAMS 0x0000000708000000| PB 0x0000000708000000| Untracked 
|  37|0x0000000708200000, 0x0000000708400000, 0x0000000708400000|100%| O|  |TAMS 0x0000000708200000| PB 0x0000000708200000| Untracked 
|  38|0x0000000708400000, 0x00000007084acb00, 0x0000000708600000| 33%| O|  |TAMS 0x0000000708400000| PB 0x0000000708400000| Untracked 
|  39|0x0000000708600000, 0x0000000708600000, 0x0000000708800000|  0%| F|  |TAMS 0x0000000708600000| PB 0x0000000708600000| Untracked 
|  40|0x0000000708800000, 0x0000000708800000, 0x0000000708a00000|  0%| F|  |TAMS 0x0000000708800000| PB 0x0000000708800000| Untracked 
|  41|0x0000000708a00000, 0x0000000708a00000, 0x0000000708c00000|  0%| F|  |TAMS 0x0000000708a00000| PB 0x0000000708a00000| Untracked 
|  42|0x0000000708c00000, 0x0000000708c00000, 0x0000000708e00000|  0%| F|  |TAMS 0x0000000708c00000| PB 0x0000000708c00000| Untracked 
|  43|0x0000000708e00000, 0x0000000708e00000, 0x0000000709000000|  0%| F|  |TAMS 0x0000000708e00000| PB 0x0000000708e00000| Untracked 
|  44|0x0000000709000000, 0x00000007090fee38, 0x0000000709200000| 49%| S|CS|TAMS 0x0000000709000000| PB 0x0000000709000000| Complete 
|  45|0x0000000709200000, 0x0000000709400000, 0x0000000709400000|100%| S|CS|TAMS 0x0000000709200000| PB 0x0000000709200000| Complete 
|  46|0x0000000709400000, 0x0000000709600000, 0x0000000709600000|100%| S|CS|TAMS 0x0000000709400000| PB 0x0000000709400000| Complete 
|  47|0x0000000709600000, 0x0000000709800000, 0x0000000709800000|100%| S|CS|TAMS 0x0000000709600000| PB 0x0000000709600000| Complete 
|  48|0x0000000709800000, 0x0000000709800000, 0x0000000709a00000|  0%| F|  |TAMS 0x0000000709800000| PB 0x0000000709800000| Untracked 
|  49|0x0000000709a00000, 0x0000000709a00000, 0x0000000709c00000|  0%| F|  |TAMS 0x0000000709a00000| PB 0x0000000709a00000| Untracked 
|  50|0x0000000709c00000, 0x0000000709c00000, 0x0000000709e00000|  0%| F|  |TAMS 0x0000000709c00000| PB 0x0000000709c00000| Untracked 
|  51|0x0000000709e00000, 0x0000000709e00000, 0x000000070a000000|  0%| F|  |TAMS 0x0000000709e00000| PB 0x0000000709e00000| Untracked 
|  52|0x000000070a000000, 0x000000070a000000, 0x000000070a200000|  0%| F|  |TAMS 0x000000070a000000| PB 0x000000070a000000| Untracked 
|  53|0x000000070a200000, 0x000000070a200000, 0x000000070a400000|  0%| F|  |TAMS 0x000000070a200000| PB 0x000000070a200000| Untracked 
|  54|0x000000070a400000, 0x000000070a400000, 0x000000070a600000|  0%| F|  |TAMS 0x000000070a400000| PB 0x000000070a400000| Untracked 
|  55|0x000000070a600000, 0x000000070a600000, 0x000000070a800000|  0%| F|  |TAMS 0x000000070a600000| PB 0x000000070a600000| Untracked 
|  56|0x000000070a800000, 0x000000070a800000, 0x000000070aa00000|  0%| F|  |TAMS 0x000000070a800000| PB 0x000000070a800000| Untracked 
|  57|0x000000070aa00000, 0x000000070aa00000, 0x000000070ac00000|  0%| F|  |TAMS 0x000000070aa00000| PB 0x000000070aa00000| Untracked 
|  58|0x000000070ac00000, 0x000000070ac00000, 0x000000070ae00000|  0%| F|  |TAMS 0x000000070ac00000| PB 0x000000070ac00000| Untracked 
|  59|0x000000070ae00000, 0x000000070ae00000, 0x000000070b000000|  0%| F|  |TAMS 0x000000070ae00000| PB 0x000000070ae00000| Untracked 
|  60|0x000000070b000000, 0x000000070b000000, 0x000000070b200000|  0%| F|  |TAMS 0x000000070b000000| PB 0x000000070b000000| Untracked 
|  61|0x000000070b200000, 0x000000070b200000, 0x000000070b400000|  0%| F|  |TAMS 0x000000070b200000| PB 0x000000070b200000| Untracked 
|  62|0x000000070b400000, 0x000000070b400000, 0x000000070b600000|  0%| F|  |TAMS 0x000000070b400000| PB 0x000000070b400000| Untracked 
|  63|0x000000070b600000, 0x000000070b600000, 0x000000070b800000|  0%| F|  |TAMS 0x000000070b600000| PB 0x000000070b600000| Untracked 
|  64|0x000000070b800000, 0x000000070b800000, 0x000000070ba00000|  0%| F|  |TAMS 0x000000070b800000| PB 0x000000070b800000| Untracked 
|  65|0x000000070ba00000, 0x000000070ba00000, 0x000000070bc00000|  0%| F|  |TAMS 0x000000070ba00000| PB 0x000000070ba00000| Untracked 
|  66|0x000000070bc00000, 0x000000070bc00000, 0x000000070be00000|  0%| F|  |TAMS 0x000000070bc00000| PB 0x000000070bc00000| Untracked 
|  67|0x000000070be00000, 0x000000070be00000, 0x000000070c000000|  0%| F|  |TAMS 0x000000070be00000| PB 0x000000070be00000| Untracked 
|  68|0x000000070c000000, 0x000000070c000000, 0x000000070c200000|  0%| F|  |TAMS 0x000000070c000000| PB 0x000000070c000000| Untracked 
|  69|0x000000070c200000, 0x000000070c200000, 0x000000070c400000|  0%| F|  |TAMS 0x000000070c200000| PB 0x000000070c200000| Untracked 
|  70|0x000000070c400000, 0x000000070c400000, 0x000000070c600000|  0%| F|  |TAMS 0x000000070c400000| PB 0x000000070c400000| Untracked 
|  71|0x000000070c600000, 0x000000070c600000, 0x000000070c800000|  0%| F|  |TAMS 0x000000070c600000| PB 0x000000070c600000| Untracked 
|  72|0x000000070c800000, 0x000000070c800000, 0x000000070ca00000|  0%| F|  |TAMS 0x000000070c800000| PB 0x000000070c800000| Untracked 
|  73|0x000000070ca00000, 0x000000070ca00000, 0x000000070cc00000|  0%| F|  |TAMS 0x000000070ca00000| PB 0x000000070ca00000| Untracked 
|  74|0x000000070cc00000, 0x000000070cc00000, 0x000000070ce00000|  0%| F|  |TAMS 0x000000070cc00000| PB 0x000000070cc00000| Untracked 
|  75|0x000000070ce00000, 0x000000070ce00000, 0x000000070d000000|  0%| F|  |TAMS 0x000000070ce00000| PB 0x000000070ce00000| Untracked 
|  76|0x000000070d000000, 0x000000070d000000, 0x000000070d200000|  0%| F|  |TAMS 0x000000070d000000| PB 0x000000070d000000| Untracked 
|  77|0x000000070d200000, 0x000000070d200000, 0x000000070d400000|  0%| F|  |TAMS 0x000000070d200000| PB 0x000000070d200000| Untracked 
|  78|0x000000070d400000, 0x000000070d400000, 0x000000070d600000|  0%| F|  |TAMS 0x000000070d400000| PB 0x000000070d400000| Untracked 
|  79|0x000000070d600000, 0x000000070d600000, 0x000000070d800000|  0%| F|  |TAMS 0x000000070d600000| PB 0x000000070d600000| Untracked 
|  80|0x000000070d800000, 0x000000070d800000, 0x000000070da00000|  0%| F|  |TAMS 0x000000070d800000| PB 0x000000070d800000| Untracked 
|  81|0x000000070da00000, 0x000000070da00000, 0x000000070dc00000|  0%| F|  |TAMS 0x000000070da00000| PB 0x000000070da00000| Untracked 
|  82|0x000000070dc00000, 0x000000070dc00000, 0x000000070de00000|  0%| F|  |TAMS 0x000000070dc00000| PB 0x000000070dc00000| Untracked 
|  83|0x000000070de00000, 0x000000070de00000, 0x000000070e000000|  0%| F|  |TAMS 0x000000070de00000| PB 0x000000070de00000| Untracked 
|  84|0x000000070e000000, 0x000000070e000000, 0x000000070e200000|  0%| F|  |TAMS 0x000000070e000000| PB 0x000000070e000000| Untracked 
|  85|0x000000070e200000, 0x000000070e200000, 0x000000070e400000|  0%| F|  |TAMS 0x000000070e200000| PB 0x000000070e200000| Untracked 
|  86|0x000000070e400000, 0x000000070e400000, 0x000000070e600000|  0%| F|  |TAMS 0x000000070e400000| PB 0x000000070e400000| Untracked 
|  87|0x000000070e600000, 0x000000070e600000, 0x000000070e800000|  0%| F|  |TAMS 0x000000070e600000| PB 0x000000070e600000| Untracked 
|  88|0x000000070e800000, 0x000000070e800000, 0x000000070ea00000|  0%| F|  |TAMS 0x000000070e800000| PB 0x000000070e800000| Untracked 
|  89|0x000000070ea00000, 0x000000070eb25700, 0x000000070ec00000| 57%| E|  |TAMS 0x000000070ea00000| PB 0x000000070ea00000| Complete 
|  90|0x000000070ec00000, 0x000000070ee00000, 0x000000070ee00000|100%| E|CS|TAMS 0x000000070ec00000| PB 0x000000070ec00000| Complete 
|  91|0x000000070ee00000, 0x000000070f000000, 0x000000070f000000|100%| E|CS|TAMS 0x000000070ee00000| PB 0x000000070ee00000| Complete 
|  92|0x000000070f000000, 0x000000070f200000, 0x000000070f200000|100%| E|  |TAMS 0x000000070f000000| PB 0x000000070f000000| Complete 
|  93|0x000000070f200000, 0x000000070f400000, 0x000000070f400000|100%| E|CS|TAMS 0x000000070f200000| PB 0x000000070f200000| Complete 

Card table byte_map: [0x0000014ff5420000,0x0000014ff5c10000] _byte_map_base: 0x0000014ff1c04000

Marking Bits: (CMBitMap*) 0x0000014fee19d470
 Bits: [0x0000014ff5c10000, 0x0000014ff9b30000)

Polling page: 0x0000014fed8e0000

Metaspace:

Usage:
  Non-class:    102.35 MB used.
      Class:     15.52 MB used.
       Both:    117.86 MB used.

Virtual space:
  Non-class space:      128.00 MB reserved,     102.94 MB ( 80%) committed,  2 nodes.
      Class space:        1.00 GB reserved,      16.00 MB (  2%) committed,  1 nodes.
             Both:        1.12 GB reserved,     118.94 MB ( 10%) committed. 

Chunk freelists:
   Non-Class:  8.97 MB
       Class:  15.91 MB
        Both:  24.87 MB

MaxMetaspaceSize: unlimited
CompressedClassSpaceSize: 1.00 GB
Initial GC threshold: 21.00 MB
Current GC threshold: 197.50 MB
CDS: on
 - commit_granule_bytes: 65536.
 - commit_granule_words: 8192.
 - virtual_space_node_default_size: 8388608.
 - enlarge_chunks_in_place: 1.
 - use_allocation_guard: 0.


Internal statistics:

num_allocs_failed_limit: 6.
num_arena_births: 5118.
num_arena_deaths: 3654.
num_vsnodes_births: 3.
num_vsnodes_deaths: 0.
num_space_committed: 2075.
num_space_uncommitted: 100.
num_chunks_returned_to_freelist: 7107.
num_chunks_taken_from_freelist: 14807.
num_chunk_merges: 1283.
num_chunk_splits: 6672.
num_chunks_enlarged: 4496.
num_inconsistent_stats: 0.

CodeCache: size=49152Kb used=26886Kb max_used=30835Kb free=22265Kb
 bounds [0x0000014ff1c30000, 0x0000014ff3a90000, 0x0000014ff4c30000]
 total_blobs=13995 nmethods=13170 adapters=747
 compilation: enabled
              stopped_count=0, restarted_count=0
 full_count=0

Compilation events (20 events):
Event: 8422.670 Thread 0x0000014fcb76f5d0 109302       1       java.math.BigInteger::bitLength (140 bytes)
Event: 8422.671 Thread 0x0000014fcb76f5d0 nmethod 109302 0x0000014ff2c79c10 code [0x0000014ff2c79de0, 0x0000014ff2c7a048]
Event: 8422.690 Thread 0x0000014fcb76f5d0 109303       1       java.util.ResourceBundle$KeyElementReference::<init> (12 bytes)
Event: 8422.690 Thread 0x0000014fcb76f5d0 nmethod 109303 0x0000014ff2a2ab10 code [0x0000014ff2a2acc0, 0x0000014ff2a2aec8]
Event: 8422.817 Thread 0x0000014fcb76f5d0 109304       1       oracle.sql.converter.CharacterSetMetaData$JdbcCharacterSetMetaData::getMaxCharLength (91 bytes)
Event: 8422.817 Thread 0x0000014fcb76f5d0 nmethod 109304 0x0000014ff2a2a510 code [0x0000014ff2a2a6c0, 0x0000014ff2a2a900]
Event: 8422.855 Thread 0x0000014fcb76f5d0 109305       1       com.zaxxer.hikari.pool.PoolEntry::getState (8 bytes)
Event: 8422.855 Thread 0x0000014fcb76f5d0 nmethod 109305 0x0000014ff2cb6890 code [0x0000014ff2cb6a40, 0x0000014ff2cb6b88]
Event: 8422.856 Thread 0x0000014ffc38f5f0 109306       1       java.util.concurrent.atomic.AtomicIntegerFieldUpdater$AtomicIntegerFieldUpdaterImpl::get (17 bytes)
Event: 8422.856 Thread 0x0000014ffc38f5f0 nmethod 109306 0x0000014ff2cb6490 code [0x0000014ff2cb6640, 0x0000014ff2cb6778]
Event: 8422.856 Thread 0x0000014fcb76f5d0 109307       1       oracle.jdbc.driver.GeneratedPhysicalConnection::parseConnectionProperty (178 bytes)
Event: 8422.856 Thread 0x0000014fcb76f5d0 nmethod 109307 0x0000014ff2cb5390 code [0x0000014ff2cb5660, 0x0000014ff2cb5f40]
Event: 8422.857 Thread 0x0000014ffc38f5f0 109308       1       oracle.net.jdbc.nl.NVFactory::<init> (5 bytes)
Event: 8422.857 Thread 0x0000014ffc38f5f0 nmethod 109308 0x0000014ff2cb4e90 code [0x0000014ff2cb5020, 0x0000014ff2cb50e8]
Event: 8422.857 Thread 0x0000014fcb76f5d0 109309       1       oracle.net.jdbc.nl.NVNavigator::<init> (5 bytes)
Event: 8422.857 Thread 0x0000014fcb76f5d0 nmethod 109309 0x0000014ff2d01890 code [0x0000014ff2d01a20, 0x0000014ff2d01ae8]
Event: 8428.633 Thread 0x0000014ffc38f5f0 109310       1       jdk.internal.util.ByteArray::setInt (10 bytes)
Event: 8428.634 Thread 0x0000014ffc38f5f0 nmethod 109310 0x0000014ff2d01390 code [0x0000014ff2d01540, 0x0000014ff2d01698]
Event: 8428.637 Thread 0x0000014ffc38f5f0 109311       1       java.lang.ClassValue$ClassValueMap::findReplacement (177 bytes)
Event: 8428.639 Thread 0x0000014ffc38f5f0 nmethod 109311 0x0000014ff2d00810 code [0x0000014ff2d009e0, 0x0000014ff2d00f98]

GC Heap History (20 events):
Event: 7115.650 GC heap before
{Heap before GC invocations=239 (full 11):
 garbage-first heap   total 219136K, used 101774K [0x0000000703800000, 0x0000000800000000)
  region size 2048K, 14 young (28672K), 3 survivors (6144K)
 Metaspace       used 116449K, committed 117504K, reserved 1179648K
  class space    used 15426K, committed 15936K, reserved 1048576K
}
Event: 7115.666 GC heap after
{Heap after GC invocations=240 (full 11):
 garbage-first heap   total 219136K, used 82364K [0x0000000703800000, 0x0000000800000000)
  region size 2048K, 4 young (8192K), 4 survivors (8192K)
 Metaspace       used 116449K, committed 117504K, reserved 1179648K
  class space    used 15426K, committed 15936K, reserved 1048576K
}
Event: 7568.303 GC heap before
{Heap before GC invocations=241 (full 11):
 garbage-first heap   total 219136K, used 195004K [0x0000000703800000, 0x0000000800000000)
  region size 2048K, 59 young (120832K), 4 survivors (8192K)
 Metaspace       used 116510K, committed 117568K, reserved 1179648K
  class space    used 15441K, committed 15936K, reserved 1048576K
}
Event: 7568.308 GC heap after
{Heap after GC invocations=242 (full 11):
 garbage-first heap   total 219136K, used 82966K [0x0000000703800000, 0x0000000800000000)
  region size 2048K, 4 young (8192K), 4 survivors (8192K)
 Metaspace       used 116510K, committed 117568K, reserved 1179648K
  class space    used 15441K, committed 15936K, reserved 1048576K
}
Event: 8053.541 GC heap before
{Heap before GC invocations=242 (full 11):
 garbage-first heap   total 219136K, used 193558K [0x0000000703800000, 0x0000000800000000)
  region size 2048K, 59 young (120832K), 4 survivors (8192K)
 Metaspace       used 116514K, committed 117568K, reserved 1179648K
  class space    used 15442K, committed 15936K, reserved 1048576K
}
Event: 8053.545 GC heap after
{Heap after GC invocations=243 (full 11):
 garbage-first heap   total 219136K, used 78624K [0x0000000703800000, 0x0000000800000000)
  region size 2048K, 4 young (8192K), 4 survivors (8192K)
 Metaspace       used 116514K, committed 117568K, reserved 1179648K
  class space    used 15442K, committed 15936K, reserved 1048576K
}
Event: 8390.996 GC heap before
{Heap before GC invocations=243 (full 11):
 garbage-first heap   total 219136K, used 162592K [0x0000000703800000, 0x0000000800000000)
  region size 2048K, 46 young (94208K), 4 survivors (8192K)
 Metaspace       used 116527K, committed 117568K, reserved 1179648K
  class space    used 15443K, committed 15936K, reserved 1048576K
}
Event: 8391.058 GC heap after
{Heap after GC invocations=244 (full 12):
 garbage-first heap   total 192512K, used 53178K [0x0000000703800000, 0x0000000800000000)
  region size 2048K, 0 young (0K), 0 survivors (0K)
 Metaspace       used 116350K, committed 117568K, reserved 1179648K
  class space    used 15399K, committed 15936K, reserved 1048576K
}
Event: 8392.700 GC heap before
{Heap before GC invocations=244 (full 12):
 garbage-first heap   total 192512K, used 165818K [0x0000000703800000, 0x0000000800000000)
  region size 2048K, 56 young (114688K), 0 survivors (0K)
 Metaspace       used 117759K, committed 118784K, reserved 1179648K
  class space    used 15578K, committed 16064K, reserved 1048576K
}
Event: 8392.705 GC heap after
{Heap after GC invocations=245 (full 12):
 garbage-first heap   total 192512K, used 63117K [0x0000000703800000, 0x0000000800000000)
  region size 2048K, 5 young (10240K), 5 survivors (10240K)
 Metaspace       used 117759K, committed 118784K, reserved 1179648K
  class space    used 15578K, committed 16064K, reserved 1048576K
}
Event: 8393.363 GC heap before
{Heap before GC invocations=246 (full 12):
 garbage-first heap   total 192512K, used 110221K [0x0000000703800000, 0x0000000800000000)
  region size 2048K, 29 young (59392K), 5 survivors (10240K)
 Metaspace       used 117885K, committed 118912K, reserved 1179648K
  class space    used 15598K, committed 16064K, reserved 1048576K
}
Event: 8393.368 GC heap after
{Heap after GC invocations=247 (full 12):
 garbage-first heap   total 192512K, used 66479K [0x0000000703800000, 0x0000000800000000)
  region size 2048K, 2 young (4096K), 2 survivors (4096K)
 Metaspace       used 117885K, committed 118912K, reserved 1179648K
  class space    used 15598K, committed 16064K, reserved 1048576K
}
Event: 8408.142 GC heap before
{Heap before GC invocations=248 (full 12):
 garbage-first heap   total 192512K, used 170927K [0x0000000703800000, 0x0000000800000000)
  region size 2048K, 53 young (108544K), 2 survivors (4096K)
 Metaspace       used 118629K, committed 119680K, reserved 1179648K
  class space    used 15660K, committed 16128K, reserved 1048576K
}
Event: 8408.145 GC heap after
{Heap after GC invocations=249 (full 12):
 garbage-first heap   total 192512K, used 70227K [0x0000000703800000, 0x0000000800000000)
  region size 2048K, 4 young (8192K), 4 survivors (8192K)
 Metaspace       used 118629K, committed 119680K, reserved 1179648K
  class space    used 15660K, committed 16128K, reserved 1048576K
}
Event: 8420.375 GC heap before
{Heap before GC invocations=249 (full 12):
 garbage-first heap   total 192512K, used 166483K [0x0000000703800000, 0x0000000800000000)
  region size 2048K, 51 young (104448K), 4 survivors (8192K)
 Metaspace       used 119977K, committed 121088K, reserved 1179648K
  class space    used 15813K, committed 16320K, reserved 1048576K
}
Event: 8420.382 GC heap after
{Heap after GC invocations=250 (full 12):
 garbage-first heap   total 192512K, used 77297K [0x0000000703800000, 0x0000000800000000)
  region size 2048K, 6 young (12288K), 6 survivors (12288K)
 Metaspace       used 119977K, committed 121088K, reserved 1179648K
  class space    used 15813K, committed 16320K, reserved 1048576K
}
Event: 8421.057 GC heap before
{Heap before GC invocations=250 (full 12):
 garbage-first heap   total 192512K, used 134641K [0x0000000703800000, 0x0000000800000000)
  region size 2048K, 36 young (73728K), 6 survivors (12288K)
 Metaspace       used 120208K, committed 121280K, reserved 1179648K
  class space    used 15835K, committed 16320K, reserved 1048576K
}
Event: 8421.063 GC heap after
{Heap after GC invocations=251 (full 12):
 garbage-first heap   total 192512K, used 80619K [0x0000000703800000, 0x0000000800000000)
  region size 2048K, 6 young (12288K), 6 survivors (12288K)
 Metaspace       used 120208K, committed 121280K, reserved 1179648K
  class space    used 15835K, committed 16320K, reserved 1048576K
}
Event: 8421.407 GC heap before
{Heap before GC invocations=252 (full 12):
 garbage-first heap   total 192512K, used 162539K [0x0000000703800000, 0x0000000800000000)
  region size 2048K, 46 young (94208K), 6 survivors (12288K)
 Metaspace       used 120689K, committed 121792K, reserved 1179648K
  class space    used 15889K, committed 16384K, reserved 1048576K
}
Event: 8421.412 GC heap after
{Heap after GC invocations=253 (full 12):
 garbage-first heap   total 192512K, used 83229K [0x0000000703800000, 0x0000000800000000)
  region size 2048K, 4 young (8192K), 4 survivors (8192K)
 Metaspace       used 120689K, committed 121792K, reserved 1179648K
  class space    used 15889K, committed 16384K, reserved 1048576K
}

Dll operation events (12 events):
Event: 1.573 Loaded shared library E:\spring-tool-suite\sts-4.27.0.RELEASE\plugins\org.eclipse.justj.openjdk.hotspot.jre.full.win32.x86_64_21.0.5.v20241023-1957\jre\bin\java.dll
Event: 1.909 Loaded shared library E:\spring-tool-suite\sts-4.27.0.RELEASE\plugins\org.eclipse.justj.openjdk.hotspot.jre.full.win32.x86_64_21.0.5.v20241023-1957\jre\bin\zip.dll
Event: 2.772 Loaded shared library E:\spring-tool-suite\sts-4.27.0.RELEASE\plugins\org.eclipse.justj.openjdk.hotspot.jre.full.win32.x86_64_21.0.5.v20241023-1957\jre\bin\instrument.dll
Event: 2.877 Loaded shared library E:\spring-tool-suite\sts-4.27.0.RELEASE\plugins\org.eclipse.justj.openjdk.hotspot.jre.full.win32.x86_64_21.0.5.v20241023-1957\jre\bin\net.dll
Event: 2.878 Loaded shared library E:\spring-tool-suite\sts-4.27.0.RELEASE\plugins\org.eclipse.justj.openjdk.hotspot.jre.full.win32.x86_64_21.0.5.v20241023-1957\jre\bin\nio.dll
Event: 2.971 Loaded shared library E:\spring-tool-suite\sts-4.27.0.RELEASE\plugins\org.eclipse.justj.openjdk.hotspot.jre.full.win32.x86_64_21.0.5.v20241023-1957\jre\bin\zip.dll
Event: 16.654 Loaded shared library E:\spring-tool-suite\sts-4.27.0.RELEASE\plugins\org.eclipse.justj.openjdk.hotspot.jre.full.win32.x86_64_21.0.5.v20241023-1957\jre\bin\jimage.dll
Event: 16.981 Loaded shared library E:\spring-tool-suite\sts-4.27.0.RELEASE\plugins\org.eclipse.justj.openjdk.hotspot.jre.full.win32.x86_64_21.0.5.v20241023-1957\jre\bin\management.dll
Event: 17.272 Loaded shared library E:\spring-tool-suite\sts-4.27.0.RELEASE\plugins\org.eclipse.justj.openjdk.hotspot.jre.full.win32.x86_64_21.0.5.v20241023-1957\jre\bin\management_ext.dll
Event: 22.504 Loaded shared library E:\spring-tool-suite\sts-4.27.0.RELEASE\plugins\org.eclipse.justj.openjdk.hotspot.jre.full.win32.x86_64_21.0.5.v20241023-1957\jre\bin\extnet.dll
Event: 22.985 Loaded shared library E:\spring-tool-suite\sts-4.27.0.RELEASE\plugins\org.eclipse.justj.openjdk.hotspot.jre.full.win32.x86_64_21.0.5.v20241023-1957\jre\bin\verify.dll
Event: 26.382 Loaded shared library E:\spring-tool-suite\sts-4.27.0.RELEASE\plugins\org.eclipse.justj.openjdk.hotspot.jre.full.win32.x86_64_21.0.5.v20241023-1957\jre\bin\sunmscapi.dll

Deoptimization events (20 events):
Event: 8423.091 Thread 0x0000014fc6c5d6d0 DEOPT PACKING pc=0x0000014ff315b7d1 sp=0x00000026a9cfebe0
Event: 8423.091 Thread 0x0000014fc6c5d6d0 DEOPT UNPACKING pc=0x0000014ff1c84e42 sp=0x00000026a9cfe0a0 mode 1
Event: 8423.091 Thread 0x0000014fc6c5d6d0 DEOPT PACKING pc=0x0000014ff353db1c sp=0x00000026a9cfecc0
Event: 8423.091 Thread 0x0000014fc6c5d6d0 DEOPT UNPACKING pc=0x0000014ff1c84e42 sp=0x00000026a9cfe1d8 mode 1
Event: 8423.091 Thread 0x0000014fc6c5d6d0 DEOPT PACKING pc=0x0000014ff2f2ec84 sp=0x00000026a9cfedb0
Event: 8423.091 Thread 0x0000014fc6c5d6d0 DEOPT UNPACKING pc=0x0000014ff1c84e42 sp=0x00000026a9cfe280 mode 1
Event: 8428.636 Thread 0x0000014fc5cab130 DEOPT PACKING pc=0x0000014ff284eb74 sp=0x00000026ab0fe450
Event: 8428.636 Thread 0x0000014fc5cab130 DEOPT UNPACKING pc=0x0000014ff1c84e42 sp=0x00000026ab0fd9b8 mode 1
Event: 8428.636 Thread 0x0000014fc5cab130 DEOPT PACKING pc=0x0000014ff284eb74 sp=0x00000026ab0fe450
Event: 8428.636 Thread 0x0000014fc5cab130 DEOPT UNPACKING pc=0x0000014ff1c84e42 sp=0x00000026ab0fd9b8 mode 1
Event: 8428.636 Thread 0x0000014fc5cab130 DEOPT PACKING pc=0x0000014ff284eb74 sp=0x00000026ab0fe450
Event: 8428.636 Thread 0x0000014fc5cab130 DEOPT UNPACKING pc=0x0000014ff1c84e42 sp=0x00000026ab0fd9b8 mode 1
Event: 8428.636 Thread 0x0000014fc5cab130 DEOPT PACKING pc=0x0000014ff284eb74 sp=0x00000026ab0fe450
Event: 8428.636 Thread 0x0000014fc5cab130 DEOPT UNPACKING pc=0x0000014ff1c84e42 sp=0x00000026ab0fd9b8 mode 1
Event: 8428.637 Thread 0x0000014fc5cab130 DEOPT PACKING pc=0x0000014ff284eb74 sp=0x00000026ab0fe450
Event: 8428.637 Thread 0x0000014fc5cab130 DEOPT UNPACKING pc=0x0000014ff1c84e42 sp=0x00000026ab0fd9b8 mode 1
Event: 8428.637 Thread 0x0000014fc5cab130 DEOPT PACKING pc=0x0000014ff284eb74 sp=0x00000026ab0fe450
Event: 8428.637 Thread 0x0000014fc5cab130 DEOPT UNPACKING pc=0x0000014ff1c84e42 sp=0x00000026ab0fd9b8 mode 1
Event: 8428.637 Thread 0x0000014fc5cab130 DEOPT PACKING pc=0x0000014ff284eb74 sp=0x00000026ab0fe450
Event: 8428.637 Thread 0x0000014fc5cab130 DEOPT UNPACKING pc=0x0000014ff1c84e42 sp=0x00000026ab0fd9b8 mode 1

Classes loaded (20 events):
Event: 7087.779 Loading class java/util/LocaleBeanInfo
Event: 7087.779 Loading class java/util/LocaleBeanInfo done
Event: 7087.779 Loading class java/util/LocaleBeanInfo
Event: 7087.779 Loading class java/util/LocaleBeanInfo done
Event: 7087.779 Loading class java/util/LocaleCustomizer
Event: 7087.779 Loading class java/util/LocaleCustomizer done
Event: 7087.779 Loading class java/util/LocaleCustomizer
Event: 7087.779 Loading class java/util/LocaleCustomizer done
Event: 8392.264 Loading class java/lang/Configurable
Event: 8392.264 Loading class java/lang/Configurable done
Event: 8392.266 Loading class java/lang/Configurable
Event: 8392.266 Loading class java/lang/Configurable done
Event: 8392.268 Loading class java/lang/Configurable
Event: 8392.268 Loading class java/lang/Configurable done
Event: 8420.493 Loading class java/lang/Configurable
Event: 8420.493 Loading class java/lang/Configurable done
Event: 8420.494 Loading class java/lang/Configurable
Event: 8420.494 Loading class java/lang/Configurable done
Event: 8420.496 Loading class java/lang/Configurable
Event: 8420.496 Loading class java/lang/Configurable done

Classes unloaded (20 events):
Event: 8391.013 Thread 0x0000014ffc364150 Unloading class 0x0000014f810d0800 'java/lang/invoke/LambdaForm$MH+0x0000014f810d0800'
Event: 8391.013 Thread 0x0000014ffc364150 Unloading class 0x0000014f81b00c00 'java/lang/invoke/LambdaForm$MH+0x0000014f81b00c00'
Event: 8391.013 Thread 0x0000014ffc364150 Unloading class 0x0000014f81512000 'java/lang/invoke/LambdaForm$DMH+0x0000014f81512000'
Event: 8391.013 Thread 0x0000014ffc364150 Unloading class 0x0000014f81e23000 'java/lang/invoke/LambdaForm$DMH+0x0000014f81e23000'
Event: 8391.013 Thread 0x0000014ffc364150 Unloading class 0x0000014f81b78800 'java/lang/invoke/LambdaForm$MH+0x0000014f81b78800'
Event: 8391.013 Thread 0x0000014ffc364150 Unloading class 0x0000014f81b7a000 'java/lang/invoke/LambdaForm$MH+0x0000014f81b7a000'
Event: 8391.013 Thread 0x0000014ffc364150 Unloading class 0x0000014f81f79c00 'java/lang/invoke/LambdaForm$DMH+0x0000014f81f79c00'
Event: 8391.013 Thread 0x0000014ffc364150 Unloading class 0x0000014f81f7a400 'java/lang/invoke/LambdaForm$MH+0x0000014f81f7a400'
Event: 8391.013 Thread 0x0000014ffc364150 Unloading class 0x0000014f81ee2400 'java/lang/invoke/LambdaForm$DMH+0x0000014f81ee2400'
Event: 8391.013 Thread 0x0000014ffc364150 Unloading class 0x0000014f81ee2800 'java/lang/invoke/LambdaForm$DMH+0x0000014f81ee2800'
Event: 8391.013 Thread 0x0000014ffc364150 Unloading class 0x0000014f81e69000 'java/lang/invoke/LambdaForm$DMH+0x0000014f81e69000'
Event: 8391.013 Thread 0x0000014ffc364150 Unloading class 0x0000014f81e44000 'java/lang/invoke/LambdaForm$DMH+0x0000014f81e44000'
Event: 8391.013 Thread 0x0000014ffc364150 Unloading class 0x0000014f81e0f800 'java/lang/invoke/LambdaForm$MH+0x0000014f81e0f800'
Event: 8391.013 Thread 0x0000014ffc364150 Unloading class 0x0000014f81e28400 'java/lang/invoke/LambdaForm$MH+0x0000014f81e28400'
Event: 8392.755 Thread 0x0000014ffc364150 Unloading class 0x0000014f8150a400 'jdk/internal/reflect/GeneratedSerializationConstructorAccessor224'
Event: 8392.755 Thread 0x0000014ffc364150 Unloading class 0x0000014f8145a800 'jdk/internal/reflect/GeneratedSerializationConstructorAccessor223'
Event: 8392.755 Thread 0x0000014ffc364150 Unloading class 0x0000014f81d8c800 'jdk/internal/reflect/GeneratedSerializationConstructorAccessor222'
Event: 8392.755 Thread 0x0000014ffc364150 Unloading class 0x0000014f810ce000 'jdk/internal/reflect/GeneratedSerializationConstructorAccessor221'
Event: 8392.755 Thread 0x0000014ffc364150 Unloading class 0x0000014f81e1c000 'jdk/internal/reflect/GeneratedSerializationConstructorAccessor209'
Event: 8392.755 Thread 0x0000014ffc364150 Unloading class 0x0000014f81f50400 'java/lang/invoke/LambdaForm$MH+0x0000014f81f50400'

Classes redefined (3 events):
Event: 5892.971 Thread 0x0000014ffc364150 redefined class name=com.mahasbr.controller.DistrictMasterController, count=1
Event: 5892.971 Thread 0x0000014ffc364150 redefined class name=com.mahasbr.controller.DistrictMasterController, count=1
Event: 5892.971 Thread 0x0000014ffc364150 redefined class name=com.mahasbr.controller.DistrictMasterController, count=1

Internal exceptions (20 events):
Event: 8419.697 Thread 0x0000014fc6c5d040 Exception <a 'sun/nio/fs/WindowsException'{0x000000070eb61b98}> (0x000000070eb61b98) 
thrown [s\src\hotspot\share\prims\jni.cpp, line 520]
Event: 8420.456 Thread 0x0000014fc6c5d040 Exception <a 'java/lang/NoClassDefFoundError'{0x000000070e886640}: org/flywaydb/core/Flyway> (0x000000070e886640) 
thrown [s\src\hotspot\share\oops\constantPool.cpp, line 873]
Event: 8420.458 Thread 0x0000014fc6c5d040 Exception <a 'java/lang/NoClassDefFoundError'{0x000000070e886ca0}: liquibase/integration/spring/SpringLiquibase> (0x000000070e886ca0) 
thrown [s\src\hotspot\share\oops\constantPool.cpp, line 873]
Event: 8420.467 Thread 0x0000014fc6c5d040 Exception <a 'java/lang/NoClassDefFoundError'{0x000000070e9cd230}: org/jooq/DSLContext> (0x000000070e9cd230) 
thrown [s\src\hotspot\share\oops\constantPool.cpp, line 873]
Event: 8420.469 Thread 0x0000014fc6c5d040 Exception <a 'java/lang/NoClassDefFoundError'{0x000000070e9f8b28}: org/springframework/batch/core/repository/JobRepository> (0x000000070e9f8b28) 
thrown [s\src\hotspot\share\oops\constantPool.cpp, line 873]
Event: 8420.470 Thread 0x0000014fc6c5d040 Exception <a 'java/lang/NoClassDefFoundError'{0x000000070e9f9180}: org/quartz/Scheduler> (0x000000070e9f9180) 
thrown [s\src\hotspot\share\oops\constantPool.cpp, line 873]
Event: 8420.471 Thread 0x0000014fc6c5d040 Exception <a 'java/lang/NoClassDefFoundError'{0x000000070e9f9800}: org/springframework/session/jdbc/JdbcIndexedSessionRepository> (0x000000070e9f9800) 
thrown [s\src\hotspot\share\oops\constantPool.cpp, line 873]
Event: 8420.491 Thread 0x0000014fc6c5d040 Exception <a 'java/lang/ArrayIndexOutOfBoundsException'{0x000000070e5357e8}> (0x000000070e5357e8) 
thrown [s\src\hotspot\share\runtime\sharedRuntime.cpp, line 625]
Event: 8420.491 Thread 0x0000014fc6c5d040 Exception <a 'java/lang/ArrayIndexOutOfBoundsException'{0x000000070e535dc0}> (0x000000070e535dc0) 
thrown [s\src\hotspot\share\runtime\sharedRuntime.cpp, line 625]
Event: 8420.492 Thread 0x0000014fc6c5d040 Exception <a 'java/lang/ArrayIndexOutOfBoundsException'{0x000000070e53fc60}> (0x000000070e53fc60) 
thrown [s\src\hotspot\share\runtime\sharedRuntime.cpp, line 625]
Event: 8420.492 Thread 0x0000014fc6c5d040 Exception <a 'java/lang/ArrayIndexOutOfBoundsException'{0x000000070e5404e8}> (0x000000070e5404e8) 
thrown [s\src\hotspot\share\runtime\sharedRuntime.cpp, line 625]
Event: 8420.494 Thread 0x0000014fc6c5d040 Exception <a 'java/lang/ArrayIndexOutOfBoundsException'{0x000000070e552ed8}> (0x000000070e552ed8) 
thrown [s\src\hotspot\share\runtime\sharedRuntime.cpp, line 625]
Event: 8420.494 Thread 0x0000014fc6c5d040 Exception <a 'java/lang/ArrayIndexOutOfBoundsException'{0x000000070e5534b0}> (0x000000070e5534b0) 
thrown [s\src\hotspot\share\runtime\sharedRuntime.cpp, line 625]
Event: 8420.494 Thread 0x0000014fc6c5d040 Exception <a 'java/lang/ArrayIndexOutOfBoundsException'{0x000000070e55a6b0}> (0x000000070e55a6b0) 
thrown [s\src\hotspot\share\runtime\sharedRuntime.cpp, line 625]
Event: 8420.494 Thread 0x0000014fc6c5d040 Exception <a 'java/lang/ArrayIndexOutOfBoundsException'{0x000000070e55af38}> (0x000000070e55af38) 
thrown [s\src\hotspot\share\runtime\sharedRuntime.cpp, line 625]
Event: 8420.495 Thread 0x0000014fc6c5d040 Exception <a 'java/lang/ArrayIndexOutOfBoundsException'{0x000000070e56d250}> (0x000000070e56d250) 
thrown [s\src\hotspot\share\runtime\sharedRuntime.cpp, line 625]
Event: 8420.495 Thread 0x0000014fc6c5d040 Exception <a 'java/lang/ArrayIndexOutOfBoundsException'{0x000000070e56d828}> (0x000000070e56d828) 
thrown [s\src\hotspot\share\runtime\sharedRuntime.cpp, line 625]
Event: 8420.496 Thread 0x0000014fc6c5d040 Exception <a 'java/lang/ArrayIndexOutOfBoundsException'{0x000000070e574a28}> (0x000000070e574a28) 
thrown [s\src\hotspot\share\runtime\sharedRuntime.cpp, line 625]
Event: 8420.496 Thread 0x0000014fc6c5d040 Exception <a 'java/lang/ArrayIndexOutOfBoundsException'{0x000000070e5752b0}> (0x000000070e5752b0) 
thrown [s\src\hotspot\share\runtime\sharedRuntime.cpp, line 625]
Event: 8420.590 Thread 0x0000014fc6c5d040 Exception <a 'java/io/FileNotFoundException'{0x000000070d8eb550}> (0x000000070d8eb550) 
thrown [s\src\hotspot\share\prims\jni.cpp, line 520]

ZGC Phase Switch (0 events):
No events

VM Operations (20 events):
Event: 8420.303 Executing VM operation: Cleanup
Event: 8420.303 Executing VM operation: Cleanup done
Event: 8420.375 Executing VM operation: G1CollectForAllocation (G1 Evacuation Pause)
Event: 8420.382 Executing VM operation: G1CollectForAllocation (G1 Evacuation Pause) done
Event: 8421.057 Executing VM operation: G1TryInitiateConcMark (CodeCache GC Threshold)
Event: 8421.063 Executing VM operation: G1TryInitiateConcMark (CodeCache GC Threshold) done
Event: 8421.116 Executing VM operation: G1PauseRemark
Event: 8421.129 Executing VM operation: G1PauseRemark done
Event: 8421.148 Executing VM operation: G1PauseCleanup
Event: 8421.148 Executing VM operation: G1PauseCleanup done
Event: 8421.407 Executing VM operation: G1CollectForAllocation (G1 Evacuation Pause)
Event: 8421.412 Executing VM operation: G1CollectForAllocation (G1 Evacuation Pause) done
Event: 8422.426 Executing VM operation: Cleanup
Event: 8422.426 Executing VM operation: Cleanup done
Event: 8422.840 Executing VM operation: ChangeSingleStep
Event: 8422.840 Executing VM operation: ChangeSingleStep done
Event: 8422.841 Executing VM operation: ChangeSingleStep
Event: 8422.841 Executing VM operation: ChangeSingleStep done
Event: 8428.853 Executing VM operation: Cleanup
Event: 8428.853 Executing VM operation: Cleanup done

Memory protections (0 events):
No events

Nmethod flushes (20 events):
Event: 8393.419 Thread 0x0000014ffc364150 flushing  nmethod 0x0000014ff36e5790
Event: 8393.419 Thread 0x0000014ffc364150 flushing  nmethod 0x0000014ff36e5a90
Event: 8393.419 Thread 0x0000014ffc364150 flushing  nmethod 0x0000014ff36e7d90
Event: 8393.419 Thread 0x0000014ffc364150 flushing  nmethod 0x0000014ff3702e10
Event: 8393.419 Thread 0x0000014ffc364150 flushing  nmethod 0x0000014ff3703210
Event: 8393.419 Thread 0x0000014ffc364150 flushing  nmethod 0x0000014ff3703510
Event: 8393.419 Thread 0x0000014ffc364150 flushing  nmethod 0x0000014ff3703b90
Event: 8393.419 Thread 0x0000014ffc364150 flushing  nmethod 0x0000014ff3704110
Event: 8393.419 Thread 0x0000014ffc364150 flushing  nmethod 0x0000014ff3704f90
Event: 8393.419 Thread 0x0000014ffc364150 flushing  nmethod 0x0000014ff3705290
Event: 8393.419 Thread 0x0000014ffc364150 flushing  nmethod 0x0000014ff3734810
Event: 8393.419 Thread 0x0000014ffc364150 flushing  nmethod 0x0000014ff3734d10
Event: 8393.419 Thread 0x0000014ffc364150 flushing  nmethod 0x0000014ff3735110
Event: 8393.419 Thread 0x0000014ffc364150 flushing  nmethod 0x0000014ff3735410
Event: 8393.419 Thread 0x0000014ffc364150 flushing  nmethod 0x0000014ff3735710
Event: 8393.419 Thread 0x0000014ffc364150 flushing  nmethod 0x0000014ff3735c90
Event: 8393.419 Thread 0x0000014ffc364150 flushing  nmethod 0x0000014ff38e8a90
Event: 8393.419 Thread 0x0000014ffc364150 flushing  nmethod 0x0000014ff38f5010
Event: 8393.419 Thread 0x0000014ffc364150 flushing  nmethod 0x0000014ff398fb90
Event: 8393.419 Thread 0x0000014ffc364150 flushing  nmethod 0x0000014ff399bb10

Events (20 events):
Event: 8408.163 Thread 0x0000014fc6c5a8e0 Thread exited: 0x0000014fc6c5a8e0
Event: 8408.164 Thread 0x0000014fc6c5a250 Thread exited: 0x0000014fc6c5a250
Event: 8408.557 Thread 0x0000014fc5cac4e0 Thread exited: 0x0000014fc5cac4e0
Event: 8408.558 Thread 0x0000014fc5ca9060 Thread added: 0x0000014fc6c59bc0
Event: 8413.556 Thread 0x0000014fcb76ccf0 Thread exited: 0x0000014fcb76ccf0
Event: 8418.556 Thread 0x0000014fcb770370 Thread exited: 0x0000014fcb770370
Event: 8419.686 Thread 0x0000014fc5ca9060 Thread added: 0x0000014fc6c5d040
Event: 8419.717 Thread 0x0000014ffc38f5f0 Thread added: 0x0000014fcb76f5d0
Event: 8419.717 Thread 0x0000014ffc38f5f0 Thread added: 0x0000014fcb76ccf0
Event: 8419.925 Thread 0x0000014fc6c5d040 Thread added: 0x0000014fc6c5bc90
Event: 8419.962 Thread 0x0000014fc6c5bc90 Thread exited: 0x0000014fc6c5bc90
Event: 8420.725 Thread 0x0000014fc6c5d040 Thread added: 0x0000014fc6c5bc90
Event: 8420.725 Thread 0x0000014fc6c5bc90 Thread exited: 0x0000014fc6c5bc90
Event: 8420.726 Thread 0x0000014fc6c5d040 Thread added: 0x0000014fc6c5c320
Event: 8420.828 Thread 0x0000014fc6c5c320 Thread added: 0x0000014fc6c5d6d0
Event: 8421.407 Thread 0x0000014fc6c5d040 Thread added: 0x0000014fc6c5bc90
Event: 8421.413 Thread 0x0000014fc6c5bc90 Thread exited: 0x0000014fc6c5bc90
Event: 8422.817 Thread 0x0000014fcb76ccf0 Thread exited: 0x0000014fcb76ccf0
Event: 8427.857 Thread 0x0000014fcb76f5d0 Thread exited: 0x0000014fcb76f5d0
Event: 8428.630 Thread 0x0000014fc6c5d6d0 Thread exited: 0x0000014fc6c5d6d0


Dynamic libraries:
0x00007ff7b6600000 - 0x00007ff7b660e000 	E:\spring-tool-suite\sts-4.27.0.RELEASE\plugins\org.eclipse.justj.openjdk.hotspot.jre.full.win32.x86_64_21.0.5.v20241023-1957\jre\bin\javaw.exe
0x00007ff8a96b0000 - 0x00007ff8a98a8000 	C:\WINDOWS\SYSTEM32\ntdll.dll
0x00007ff88cc90000 - 0x00007ff88ccb0000 	C:\Program Files\Avast Software\Avast\aswhook.dll
0x00007ff8a8e40000 - 0x00007ff8a8efd000 	C:\WINDOWS\System32\KERNEL32.DLL
0x00007ff8a6dc0000 - 0x00007ff8a70b6000 	C:\WINDOWS\System32\KERNELBASE.dll
0x00007ff8a7360000 - 0x00007ff8a7460000 	C:\WINDOWS\System32\ucrtbase.dll
0x00007ff850bc0000 - 0x00007ff850bd8000 	E:\spring-tool-suite\sts-4.27.0.RELEASE\plugins\org.eclipse.justj.openjdk.hotspot.jre.full.win32.x86_64_21.0.5.v20241023-1957\jre\bin\jli.dll
0x00007ff8a9420000 - 0x00007ff8a95be000 	C:\WINDOWS\System32\USER32.dll
0x00007ff8a7160000 - 0x00007ff8a7182000 	C:\WINDOWS\System32\win32u.dll
0x00007ff8a9330000 - 0x00007ff8a935c000 	C:\WINDOWS\System32\GDI32.dll
0x00007ff89c9f0000 - 0x00007ff89cc8a000 	C:\WINDOWS\WinSxS\amd64_microsoft.windows.common-controls_6595b64144ccf1df_6.0.19041.3636_none_60b6a03d71f818d5\COMCTL32.dll
0x00007ff8a7460000 - 0x00007ff8a757a000 	C:\WINDOWS\System32\gdi32full.dll
0x00007ff8a7710000 - 0x00007ff8a77ae000 	C:\WINDOWS\System32\msvcrt.dll
0x00007ff8a70c0000 - 0x00007ff8a715d000 	C:\WINDOWS\System32\msvcp_win.dll
0x00007ff88c4b0000 - 0x00007ff88c4ce000 	E:\spring-tool-suite\sts-4.27.0.RELEASE\plugins\org.eclipse.justj.openjdk.hotspot.jre.full.win32.x86_64_21.0.5.v20241023-1957\jre\bin\VCRUNTIME140.dll
0x00007ff8a7b10000 - 0x00007ff8a7b40000 	C:\WINDOWS\System32\IMM32.DLL
0x00007ff8a1340000 - 0x00007ff8a134c000 	E:\spring-tool-suite\sts-4.27.0.RELEASE\plugins\org.eclipse.justj.openjdk.hotspot.jre.full.win32.x86_64_21.0.5.v20241023-1957\jre\bin\vcruntime140_1.dll
0x00007ff88c270000 - 0x00007ff88c2fd000 	E:\spring-tool-suite\sts-4.27.0.RELEASE\plugins\org.eclipse.justj.openjdk.hotspot.jre.full.win32.x86_64_21.0.5.v20241023-1957\jre\bin\msvcp140.dll
0x00007ff8428e0000 - 0x00007ff84366f000 	E:\spring-tool-suite\sts-4.27.0.RELEASE\plugins\org.eclipse.justj.openjdk.hotspot.jre.full.win32.x86_64_21.0.5.v20241023-1957\jre\bin\server\jvm.dll
0x00007ff8a9360000 - 0x00007ff8a940f000 	C:\WINDOWS\System32\ADVAPI32.dll
0x00007ff8a7ba0000 - 0x00007ff8a7c3c000 	C:\WINDOWS\System32\sechost.dll
0x00007ff8a88a0000 - 0x00007ff8a89c6000 	C:\WINDOWS\System32\RPCRT4.dll
0x00007ff8a80e0000 - 0x00007ff8a814b000 	C:\WINDOWS\System32\WS2_32.dll
0x00007ff8a6480000 - 0x00007ff8a64cb000 	C:\WINDOWS\SYSTEM32\POWRPROF.dll
0x00007ff8810d0000 - 0x00007ff8810f7000 	C:\WINDOWS\SYSTEM32\WINMM.dll
0x00007ff89c710000 - 0x00007ff89c71a000 	C:\WINDOWS\SYSTEM32\VERSION.dll
0x00007ff8a6460000 - 0x00007ff8a6472000 	C:\WINDOWS\SYSTEM32\UMPDC.dll
0x00007ff8a4bf0000 - 0x00007ff8a4c02000 	C:\WINDOWS\SYSTEM32\kernel.appcore.dll
0x00007ff89da80000 - 0x00007ff89da8a000 	E:\spring-tool-suite\sts-4.27.0.RELEASE\plugins\org.eclipse.justj.openjdk.hotspot.jre.full.win32.x86_64_21.0.5.v20241023-1957\jre\bin\jimage.dll
0x00007ff88c970000 - 0x00007ff88cb54000 	C:\WINDOWS\SYSTEM32\DBGHELP.DLL
0x00007ff88c890000 - 0x00007ff88c8c4000 	C:\WINDOWS\SYSTEM32\dbgcore.DLL
0x00007ff8a7580000 - 0x00007ff8a7602000 	C:\WINDOWS\System32\bcryptPrimitives.dll
0x00007ff88c470000 - 0x00007ff88c4ac000 	E:\spring-tool-suite\sts-4.27.0.RELEASE\plugins\org.eclipse.justj.openjdk.hotspot.jre.full.win32.x86_64_21.0.5.v20241023-1957\jre\bin\jdwp.dll
0x00007ff884c00000 - 0x00007ff884c0f000 	E:\spring-tool-suite\sts-4.27.0.RELEASE\plugins\org.eclipse.justj.openjdk.hotspot.jre.full.win32.x86_64_21.0.5.v20241023-1957\jre\bin\instrument.dll
0x00007ff850ba0000 - 0x00007ff850bbf000 	E:\spring-tool-suite\sts-4.27.0.RELEASE\plugins\org.eclipse.justj.openjdk.hotspot.jre.full.win32.x86_64_21.0.5.v20241023-1957\jre\bin\java.dll
0x00007ff8a8150000 - 0x00007ff8a8895000 	C:\WINDOWS\System32\SHELL32.dll
0x00007ff8a4c10000 - 0x00007ff8a53ab000 	C:\WINDOWS\SYSTEM32\windows.storage.dll
0x00007ff8a77b0000 - 0x00007ff8a7b04000 	C:\WINDOWS\System32\combase.dll
0x00007ff8a66f0000 - 0x00007ff8a671d000 	C:\WINDOWS\SYSTEM32\Wldp.dll
0x00007ff8a95c0000 - 0x00007ff8a966d000 	C:\WINDOWS\System32\SHCORE.dll
0x00007ff8a8f00000 - 0x00007ff8a8f55000 	C:\WINDOWS\System32\shlwapi.dll
0x00007ff8a6cc0000 - 0x00007ff8a6ce5000 	C:\WINDOWS\SYSTEM32\profapi.dll
0x00007ff861330000 - 0x00007ff861348000 	E:\spring-tool-suite\sts-4.27.0.RELEASE\plugins\org.eclipse.justj.openjdk.hotspot.jre.full.win32.x86_64_21.0.5.v20241023-1957\jre\bin\zip.dll
0x00007ff88ce10000 - 0x00007ff88ce1b000 	E:\spring-tool-suite\sts-4.27.0.RELEASE\plugins\org.eclipse.justj.openjdk.hotspot.jre.full.win32.x86_64_21.0.5.v20241023-1957\jre\bin\dt_socket.dll
0x00007ff8a6110000 - 0x00007ff8a614b000 	C:\WINDOWS\SYSTEM32\IPHLPAPI.DLL
0x00007ff8a64d0000 - 0x00007ff8a653a000 	C:\WINDOWS\system32\mswsock.dll
0x00007ff8a61b0000 - 0x00007ff8a627a000 	C:\WINDOWS\SYSTEM32\DNSAPI.dll
0x00007ff8a9410000 - 0x00007ff8a9418000 	C:\WINDOWS\System32\NSI.dll
0x00007ff89cd50000 - 0x00007ff89cd5a000 	C:\Windows\System32\rasadhlp.dll
0x00007ff8a07a0000 - 0x00007ff8a0820000 	C:\WINDOWS\System32\fwpuclnt.dll
0x00007ff8a6d90000 - 0x00007ff8a6db7000 	C:\WINDOWS\System32\bcrypt.dll
0x00007ff8a1330000 - 0x00007ff8a1340000 	E:\spring-tool-suite\sts-4.27.0.RELEASE\plugins\org.eclipse.justj.openjdk.hotspot.jre.full.win32.x86_64_21.0.5.v20241023-1957\jre\bin\net.dll
0x00007ff89fb90000 - 0x00007ff89fc9a000 	C:\WINDOWS\SYSTEM32\WINHTTP.dll
0x00007ff8612e0000 - 0x00007ff8612f6000 	E:\spring-tool-suite\sts-4.27.0.RELEASE\plugins\org.eclipse.justj.openjdk.hotspot.jre.full.win32.x86_64_21.0.5.v20241023-1957\jre\bin\nio.dll
0x00007ff88c390000 - 0x00007ff88c39a000 	E:\spring-tool-suite\sts-4.27.0.RELEASE\plugins\org.eclipse.justj.openjdk.hotspot.jre.full.win32.x86_64_21.0.5.v20241023-1957\jre\bin\management.dll
0x00007ff88c380000 - 0x00007ff88c38b000 	E:\spring-tool-suite\sts-4.27.0.RELEASE\plugins\org.eclipse.justj.openjdk.hotspot.jre.full.win32.x86_64_21.0.5.v20241023-1957\jre\bin\management_ext.dll
0x00007ff8a7d20000 - 0x00007ff8a7d28000 	C:\WINDOWS\System32\PSAPI.DLL
0x00007ff881260000 - 0x00007ff881277000 	C:\WINDOWS\system32\napinsp.dll
0x00007ff881120000 - 0x00007ff88113b000 	C:\WINDOWS\system32\pnrpnsp.dll
0x00007ff8a01a0000 - 0x00007ff8a01b5000 	C:\WINDOWS\system32\wshbth.dll
0x00007ff8a22e0000 - 0x00007ff8a22fd000 	C:\WINDOWS\system32\NLAapi.dll
0x00007ff881100000 - 0x00007ff881112000 	C:\WINDOWS\System32\winrnr.dll
0x00007ff8a6890000 - 0x00007ff8a68a8000 	C:\WINDOWS\SYSTEM32\CRYPTSP.dll
0x00007ff8a5d50000 - 0x00007ff8a5d84000 	C:\WINDOWS\system32\rsaenh.dll
0x00007ff8a6c40000 - 0x00007ff8a6c6e000 	C:\WINDOWS\SYSTEM32\USERENV.dll
0x00007ff8a6660000 - 0x00007ff8a666c000 	C:\WINDOWS\SYSTEM32\CRYPTBASE.dll
0x00007ff8a2600000 - 0x00007ff8a2609000 	E:\spring-tool-suite\sts-4.27.0.RELEASE\plugins\org.eclipse.justj.openjdk.hotspot.jre.full.win32.x86_64_21.0.5.v20241023-1957\jre\bin\extnet.dll
0x00007ff86e580000 - 0x00007ff86e590000 	E:\spring-tool-suite\sts-4.27.0.RELEASE\plugins\org.eclipse.justj.openjdk.hotspot.jre.full.win32.x86_64_21.0.5.v20241023-1957\jre\bin\verify.dll
0x00007ff8a2610000 - 0x00007ff8a261e000 	E:\spring-tool-suite\sts-4.27.0.RELEASE\plugins\org.eclipse.justj.openjdk.hotspot.jre.full.win32.x86_64_21.0.5.v20241023-1957\jre\bin\sunmscapi.dll
0x00007ff8a7200000 - 0x00007ff8a735d000 	C:\WINDOWS\System32\CRYPT32.dll
0x00007ff8a6760000 - 0x00007ff8a6787000 	C:\WINDOWS\SYSTEM32\ncrypt.dll
0x00007ff8a6720000 - 0x00007ff8a675b000 	C:\WINDOWS\SYSTEM32\NTASN1.dll
0x00007ff847ac0000 - 0x00007ff847ac7000 	C:\WINDOWS\system32\wshunix.dll

dbghelp: loaded successfully - version: 4.0.5 - missing functions: none
symbol engine: initialized successfully - sym options: 0x614 - pdb path: .;E:\spring-tool-suite\sts-4.27.0.RELEASE\plugins\org.eclipse.justj.openjdk.hotspot.jre.full.win32.x86_64_21.0.5.v20241023-1957\jre\bin;C:\WINDOWS\SYSTEM32;C:\Program Files\Avast Software\Avast;C:\WINDOWS\WinSxS\amd64_microsoft.windows.common-controls_6595b64144ccf1df_6.0.19041.3636_none_60b6a03d71f818d5;E:\spring-tool-suite\sts-4.27.0.RELEASE\plugins\org.eclipse.justj.openjdk.hotspot.jre.full.win32.x86_64_21.0.5.v20241023-1957\jre\bin\server

VM Arguments:
jvm_args: -XX:+ShowCodeDetailsInExceptionMessages -agentlib:jdwp=transport=dt_socket,suspend=y,address=localhost:58625 -Dcom.sun.management.jmxremote -Dcom.sun.management.jmxremote.port=58612 -Dcom.sun.management.jmxremote.authenticate=false -Dcom.sun.management.jmxremote.ssl=false -Djava.rmi.server.hostname=localhost -Dspring.jmx.enabled=true -Dmanagement.endpoints.jmx.exposure.include=* -Dspring.application.admin.enabled=true -XX:TieredStopAtLevel=1 -Dspring.boot.project.name=MAHASBR -javaagent:E:\spring-tool-suite\sts-4.27.0.RELEASE\configuration\org.eclipse.osgi\275\0\.cp\lib\javaagent-shaded.jar -Dfile.encoding=UTF-8 -Dstdout.encoding=UTF-8 -Dstderr.encoding=UTF-8 
java_command: com.mahasbr.SbrBackEndProjectApplication --spring.output.ansi.enabled=always
java_class_path (initial): E:\SBR_Workspace\MAHASBR\target\classes;C:\Users\jitendra.ghasle\.m2\repository\org\springframework\boot\spring-boot-starter-web\3.2.9\spring-boot-starter-web-3.2.9.jar;C:\Users\jitendra.ghasle\.m2\repository\org\springframework\boot\spring-boot-starter-json\3.2.9\spring-boot-starter-json-3.2.9.jar;C:\Users\jitendra.ghasle\.m2\repository\com\fasterxml\jackson\datatype\jackson-datatype-jdk8\2.15.4\jackson-datatype-jdk8-2.15.4.jar;C:\Users\jitendra.ghasle\.m2\repository\com\fasterxml\jackson\module\jackson-module-parameter-names\2.15.4\jackson-module-parameter-names-2.15.4.jar;C:\Users\jitendra.ghasle\.m2\repository\org\springframework\boot\spring-boot-starter-tomcat\3.2.9\spring-boot-starter-tomcat-3.2.9.jar;C:\Users\jitendra.ghasle\.m2\repository\org\apache\tomcat\embed\tomcat-embed-core\10.1.28\tomcat-embed-core-10.1.28.jar;C:\Users\jitendra.ghasle\.m2\repository\org\apache\tomcat\embed\tomcat-embed-el\10.1.28\tomcat-embed-el-10.1.28.jar;C:\Users\jitendra.ghasle\.m2\repository\org\apache\tomcat\embed\tomcat-embed-websocket\10.1.28\tomcat-embed-websocket-10.1.28.jar;C:\Users\jitendra.ghasle\.m2\repository\org\springframework\spring-web\6.1.12\spring-web-6.1.12.jar;C:\Users\jitendra.ghasle\.m2\repository\org\springframework\spring-beans\6.1.12\spring-beans-6.1.12.jar;C:\Users\jitendra.ghasle\.m2\repository\io\micrometer\micrometer-observation\1.12.9\micrometer-observation-1.12.9.jar;C:\Users\jitendra.ghasle\.m2\repository\io\micrometer\micrometer-commons\1.12.9\micrometer-commons-1.12.9.jar;C:\Users\jitendra.ghasle\.m2\repository\org\springframework\spring-webmvc\6.1.12\spring-webmvc-6.1.12.jar;C:\Users\jitendra.ghasle\.m2\repository\org\springframework\spring-context\6.1.12\spring-context-6.1.12.jar;C:\Users\jitendra.ghasle\.m2\repository\org\springframework\spring-expression\6.1.12\spring-expression-6.1.12.jar;C:\Users\jitendra.ghasle\.m2\repository\org\springframework\boot\spring-boot-devtools\3.2.9\spring-boot-devtools-3.2.9.jar;C:\Users\jitendra.ghasle\.m2\repository\org\springframework\boot\spring-boot\3.2.9\spring-boot-3.2.9.jar;C:\Users\jitendra.ghasle\.m2\repository\org\springframework\boot\spring-boot-autoconfigure\3.2.9\spring-boot-autoconfigure-3.2.9.jar;C:\Users\jitendra.ghasle\.m2\repository\org\projectlombok\lombok\1.18.34\lombok-1.18.34.jar;C:\Users\jitendra.ghasle\.m2\repository\jakarta\xml\bind\jakarta.xml.bind-api\4.0.2\jakarta.xml.bind-api-4.0.2.jar;C:\Users\jitendra.ghasle\.m2\repository\jakarta\activation\jakarta.activation-api\2.1.3\jakarta.activation-api-2.1.3.jar;C:\Users\jitendra.ghasle\.m2\repository\net\bytebuddy\byte-buddy\1.14.19\byte-buddy-1.14.19.jar;C:\Users\jitendra.ghasle\.m2\repository\org\springframework\spring-core\6.1.12\spring-core-6.1.12.jar;C:\Users\jitendra.ghasle\.m2\repository\org\springframework\spring-jcl\6.1.12\spring-jcl-6.1.12.jar;C:\Users\jitendra.ghasle\.m2\repository\org\springframework\boot\spring-boot-starter-security\3.2.9\spring-boot-starter-security-3.2.9.jar;C:\Users\jitendra.ghasle\.m2\repository\org\springframework\spring-aop\6.1.12\spring-aop-6.1.12.jar;C:\Users\jitendra.ghasle\.m2\repository\org\springframework\security\spring-security-config\6.2.6\spring-security-config-6.2.6.jar;C:\Users\jitendra.ghasle\.m2\repository\org\springframework\security\spring-security-core\6.2.6\spring-security-core-6.2.6.jar;C:\Users\jitendra.ghasle\.m2\repository\org\springframework\security\spring-security-crypto\6.2.6\spring-security-crypto-6.2.6.jar;C:\Users\jitendra.ghasle\.m2\repository\org\springframework\security\spring-security-web\6.2.6\spring-security-web-6.2.6.jar;C:\Users\jitendra.ghasle\.m2\repository\io\jsonwebtoken\jjwt-api\0.11.5\jjwt-api-0.11.5.jar;C:\Users\jitendra.ghasle\.m2\repository\org\apache\poi\poi-ooxml\5.2.3\poi-ooxml-5.2.3.jar;C:\Users\jitendra.ghasle\.m2\repository\org\apache\poi\poi-ooxml-lite\5.2.3\poi-ooxml-lite-5.2.3.jar;C:\Users\jitendra.ghasle\.m2\repository\commons-io\commons-io\2.11.0\commons-io-2.11.0.jar;C:\Users\jitendra.ghasle\.m2\repository\com\github\virtuald\curvesapi\1.07\curvesapi-1.07.jar;C:\Users\jitendra.ghasle\.m2\repository\org\apache\logging\log4j\log4j-api\2.21.1\log4j-api-2.21.1.jar;C:\Users\jitendra.ghasle\.m2\repository\org\apache\commons\commons-collections4\4.4\commons-collections4-4.4.jar;C:\Users\jitendra.ghasle\.m2\repository\io\jsonwebtoken\jjwt-impl\0.11.5\jjwt-impl-0.11.5.jar;C:\Users\jitendra.ghasle\.m2\repository\org\springframework\boot\spring-boot-starter-mail\3.2.9\spring-boot-starter-mail-3.2.9.jar;C:\Users\jitendra.ghasle\.m2\repository\org\springframework\spring-context-support\6.1.12\spring-context-support-6.1.12.jar;C:\Users\jitendra.ghasle\.m2\repository\org\eclipse\angus\jakarta.mail\2.0.3\jakarta.mail-2.0.3.jar;C:\Users\jitendra.ghasle\.m2\repository\org\eclipse\angus\angus-activation\2.0.2\angus-activation-2.0.2.jar;C:\Users\jitendra.ghasle\.m2\repository\javax\mail\mail\1.4.7\mail-1.4.7.jar;C:\Users\jitendra.ghasle\.m2\repository\javax\activation\activation\1.1\activation-1.1.jar;C:\Users\jitendra.ghasle\.m2\repository\io\jsonwebtoken\jjwt-jackson\0.11.5\jjwt-jackson-0.11.5.jar;C:\Users\jitendra.ghasle\.m2\repository\org\springframework\boot\spring-boot-starter-data-jpa\3.2.9\spring-boot-starter-data-jpa-3.2.9.jar;C:\Users\jitendra.ghasle\.m2\repository\org\springframework\boot\spring-boot-starter-aop\3.2.9\spring-boot-starter-aop-3.2.9.jar;C:\Users\jitendra.ghasle\.m2\repository\org\aspectj\aspectjweaver\1.9.22.1\aspectjweaver-1.9.22.1.jar;C:\Users\jitendra.ghasle\.m2\repository\org\springframework\boot\spring-boot-starter-jdbc\3.2.9\spring-boot-starter-jdbc-3.2.9.jar;C:\Users\jitendra.ghasle\.m2\repository\com\zaxxer\HikariCP\5.0.1\HikariCP-5.0.1.jar;C:\Users\jitendra.ghasle\.m2\repository\org\springframework\spring-jdbc\6.1.12\spring-jdbc-6.1.12.jar;C:\Users\jitendra.ghasle\.m2\repository\org\hibernate\orm\hibernate-core\6.4.10.Final\hibernate-core-6.4.10.Final.jar;C:\Users\jitendra.ghasle\.m2\repository\jakarta\persistence\jakarta.persistence-api\3.1.0\jakarta.persistence-api-3.1.0.jar;C:\Users\jitendra.ghasle\.m2\repository\jakarta\transaction\jakarta.transaction-api\2.0.1\jakarta.transaction-api-2.0.1.jar;C:\Users\jitendra.ghasle\.m2\repository\org\jboss\logging\jboss-logging\3.5.3.Final\jboss-logging-3.5.3.Final.jar;C:\Users\jitendra.ghasle\.m2\repository\org\hibernate\common\hibernate-commons-annotations\6.0.6.Final\hibernate-commons-annotations-6.0.6.Final.jar;C:\Users\jitendra.ghasle\.m2\repository\io\smallrye\jandex\3.1.2\jandex-3.1.2.jar;C:\Users\jitendra.ghasle\.m2\repository\org\glassfish\jaxb\jaxb-runtime\4.0.5\jaxb-runtime-4.0.5.jar;C:\Users\jitendra.ghasle\.m2\repository\org\glassfish\jaxb\jaxb-core\4.0.5\jaxb-core-4.0.5.jar;C:\Users\jitendra.ghasle\.m2\repository\org\glassfish\jaxb\txw2\4.0.5\txw2-4.0.5.jar;C:\Users\jitendra.ghasle\.m2\repository\com\sun\istack\istack-commons-runtime\4.1.2\istack-commons-runtime-4.1.2.jar;C:\Users\jitendra.ghasle\.m2\repository\jakarta\inject\jakarta.inject-api\2.0.1\jakarta.inject-api-2.0.1.jar;C:\Users\jitendra.ghasle\.m2\repository\org\antlr\antlr4-runtime\4.13.0\antlr4-runtime-4.13.0.jar;C:\Users\jitendra.ghasle\.m2\repository\org\springframework\data\spring-data-jpa\3.2.9\spring-data-jpa-3.2.9.jar;C:\Users\jitendra.ghasle\.m2\repository\org\springframework\data\spring-data-commons\3.2.9\spring-data-commons-3.2.9.jar;C:\Users\jitendra.ghasle\.m2\repository\org\springframework\spring-orm\6.1.12\spring-orm-6.1.12.jar;C:\Users\jitendra.ghasle\.m2\repository\org\springframework\spring-tx\6.1.12\spring-tx-6.1.12.jar;C:\Users\jitendra.ghasle\.m2\repository\org\springframework\spring-aspects\6.1.12\spring-aspects-6.1.12.jar;C:\Users\jitendra.ghasle\.m2\repository\com\auth0\java-jwt\4.4.0\java-jwt-4.4.0.jar;C:\Users\jitendra.ghasle\.m2\repository\com\oracle\database\jdbc\ojdbc8\21.9.0.0\ojdbc8-21.9.0.0.jar;C:\Users\jitendra.ghasle\.m2\repository\jakarta\validation\jakarta.validation-api\3.0.2\jakarta.validation-api-3.0.2.jar;C:\Users\jitendra.ghasle\.m2\repository\org\apache\poi\poi\5.2.3\poi-5.2.3.jar;C:\Users\jitendra.ghasle\.m2\repository\commons-codec\commons-codec\1.16.1\commons-codec-1.16.1.jar;C:\Users\jitendra.ghasle\.m2\repository\org\apache\commons\commons-math3\3.6.1\commons-math3-3.6.1.jar;C:\Users\jitendra.ghasle\.m2\repository\com\zaxxer\SparseBitSet\1.2\SparseBitSet-1.2.jar;C:\Users\jitendra.ghasle\.m2\repository\com\opencsv\opencsv\5.5.2\opencsv-5.5.2.jar;C:\Users\jitendra.ghasle\.m2\repository\org\apache\commons\commons-lang3\3.13.0\commons-lang3-3.13.0.jar;C:\Users\jitendra.ghasle\.m2\repository\org\apache\commons\commons-text\1.9\commons-text-1.9.jar;C:\Users\jitendra.ghasle\.m2\repository\commons-beanutils\commons-beanutils\1.9.4\commons-beanutils-1.9.4.jar;C:\Users\jitendra.ghasle\.m2\repository\commons-collections\commons-collections\3.2.2\commons-collections-3.2.2.jar;C:\Users\jitendra.ghasle\.m2\repository\org\springframework\boot\spring-boot-starter-webflux\3.2.9\spring-boot-starter-webflux-3.2.9.jar;C:\Users\jitendra.ghasle\.m2\repository\org\springframework\boot\spring-boot-starter-reactor-netty\3.2.9\spring-boot-starter-reactor-netty-3.2.9.jar;C:\Users\jitendra.ghasle\.m2\repository\io\projectreactor\netty\reactor-netty-http\1.1.22\reactor-netty-http-1.1.22.jar;C:\Users\jitendra.ghasle\.m2\repository\io\netty\netty-codec-http\4.1.112.Final\netty-codec-http-4.1.112.Final.jar;C:\Users\jitendra.ghasle\.m2\repository\io\netty\netty-common\4.1.112.Final\netty-common-4.1.112.Final.jar;C:\Users\jitendra.ghasle\.m2\repository\io\netty\netty-buffer\4.1.112.Final\netty-buffer-4.1.112.Final.jar;C:\Users\jitendra.ghasle\.m2\repository\io\netty\netty-transport\4.1.112.Final\netty-transport-4.1.112.Final.jar;C:\Users\jitendra.ghasle\.m2\repository\io\netty\netty-codec\4.1.112.Final\netty-codec-4.1.112.Final.jar;C:\Users\jitendra.ghasle\.m2\repository\io\netty\netty-handler\4.1.112.Final\netty-handler-4.1.112.Final.jar;C:\Users\jitendra.ghasle\.m2\repository\io\netty\netty-codec-http2\4.1.112.Final\netty-codec-http2-4.1.112.Final.jar;C:\Users\jitendra.ghasle\.m2\repository\io\netty\netty-resolver-dns\4.1.112.Final\netty-resolver-dns-4.1.112.Final.jar;C:\Users\jitendra.ghasle\.m2\repository\io\netty\netty-resolver\4.1.112.Final\netty-resolver-4.1.112.Final.jar;C:\Users\jitendra.ghasle\.m2\repository\io\netty\netty-codec-dns\4.1.112.Final\netty-codec-dns-4.1.112.Final.jar;C:\Users\jitendra.ghasle\.m2\repository\io\netty\netty-resolver-dns-native-macos\4.1.112.Final\netty-resolver-dns-native-macos-4.1.112.Final-osx-x86_64.jar;C:\Users\jitendra.ghasle\.m2\repository\io\netty\netty-resolver-dns-classes-macos\4.1.112.Final\netty-resolver-dns-classes-macos-4.1.112.Final.jar;C:\Users\jitendra.ghasle\.m2\repository\io\netty\netty-transport-native-epoll\4.1.112.Final\netty-transport-native-epoll-4.1.112.Final-linux-x86_64.jar;C:\Users\jitendra.ghasle\.m2\repository\io\netty\netty-transport-native-unix-common\4.1.112.Final\netty-transport-native-unix-common-4.1.112.Final.jar;C:\Users\jitendra.ghasle\.m2\repository\io\netty\netty-transport-classes-epoll\4.1.112.Final\netty-transport-classes-epoll-4.1.112.Final.jar;C:\Users\jitendra.ghasle\.m2\repository\io\projectreactor\netty\reactor-netty-core\1.1.22\reactor-netty-core-1.1.22.jar;C:\Users\jitendra.ghasle\.m2\repository\io\netty\netty-handler-proxy\4.1.112.Final\netty-handler-proxy-4.1.112.Final.jar;C:\Users\jitendra.ghasle\.m2\repository\io\netty\netty-codec-socks\4.1.112.Final\netty-codec-socks-4.1.112.Final.jar;C:\Users\jitendra.ghasle\.m2\repository\org\springframework\spring-webflux\6.1.12\spring-webflux-6.1.12.jar;C:\Users\jitendra.ghasle\.m2\repository\io\projectreactor\reactor-core\3.6.9\reactor-core-3.6.9.jar;C:\Users\jitendra.ghasle\.m2\repository\org\reactivestreams\reactive-streams\1.0.4\reactive-streams-1.0.4.jar;C:\Users\jitendra.ghasle\.m2\repository\com\fasterxml\jackson\core\jackson-databind\2.15.4\jackson-databind-2.15.4.jar;C:\Users\jitendra.ghasle\.m2\repository\com\fasterxml\jackson\datatype\jackson-datatype-jsr310\2.15.4\jackson-datatype-jsr310-2.15.4.jar;C:\Users\jitendra.ghasle\.m2\repository\org\apache\pdfbox\pdfbox\2.0.27\pdfbox-2.0.27.jar;C:\Users\jitendra.ghasle\.m2\repository\org\apache\pdfbox\fontbox\2.0.27\fontbox-2.0.27.jar;C:\Users\jitendra.ghasle\.m2\repository\commons-logging\commons-logging\1.2\commons-logging-1.2.jar;C:\Users\jitendra.ghasle\.m2\repository\org\springdoc\springdoc-openapi-starter-webmvc-ui\2.0.3\springdoc-openapi-starter-webmvc-ui-2.0.3.jar;C:\Users\jitendra.ghasle\.m2\repository\org\springdoc\springdoc-openapi-starter-webmvc-api\2.0.3\springdoc-openapi-starter-webmvc-api-2.0.3.jar;C:\Users\jitendra.ghasle\.m2\repository\org\springdoc\springdoc-openapi-starter-common\2.0.3\springdoc-openapi-starter-common-2.0.3.jar;C:\Users\jitendra.ghasle\.m2\repository\io\swagger\core\v3\swagger-core-jakarta\2.2.8\swagger-core-jakarta-2.2.8.jar;C:\Users\jitendra.ghasle\.m2\repository\io\swagger\core\v3\swagger-annotations-jakarta\2.2.8\swagger-annotations-jakarta-2.2.8.jar;C:\Users\jitendra.ghasle\.m2\repository\io\swagger\core\v3\swagger-models-jakarta\2.2.8\swagger-models-jakarta-2.2.8.jar;C:\Users\jitendra.ghasle\.m2\repository\com\fasterxml\jackson\dataformat\jackson-dataformat-yaml\2.15.4\jackson-dataformat-yaml-2.15.4.jar;C:\Users\jitendra.ghasle\.m2\repository\org\webjars\swagger-ui\4.17.1\swagger-ui-4.17.1.jar;C:\Users\jitendra.ghasle\.m2\repository\org\webjars\webjars-locator-core\0.55\webjars-locator-core-0.55.jar;C:\Users\jitendra.ghasle\.m2\repository\io\github\classgraph\classgraph\4.8.149\classgraph-4.8.149.jar;C:\Users\jitendra.ghasle\.m2\repository\javax\servlet\javax.servlet-api\4.0.1\javax.servlet-api-4.0.1.jar;C:\Users\jitendra.ghasle\.m2\repository\io\springfox\springfox-boot-starter\3.0.0\springfox-boot-starter-3.0.0.jar;C:\Users\jitendra.ghasle\.m2\repository\io\springfox\springfox-oas\3.0.0\springfox-oas-3.0.0.jar;C:\Users\jitendra.ghasle\.m2\repository\io\swagger\core\v3\swagger-annotations\2.1.2\swagger-annotations-2.1.2.jar;C:\Users\jitendra.ghasle\.m2\repository\io\swagger\core\v3\swagger-models\2.1.2\swagger-models-2.1.2.jar;C:\Users\jitendra.ghasle\.m2\repository\io\springfox\springfox-spi\3.0.0\springfox-spi-3.0.0.jar;C:\Users\jitendra.ghasle\.m2\repository\io\springfox\springfox-schema\3.0.0\springfox-schema-3.0.0.jar;C:\Users\jitendra.ghasle\.m2\repository\io\springfox\springfox-core\3.0.0\springfox-core-3.0.0.jar;C:\Users\jitendra.ghasle\.m2\repository\io\springfox\springfox-spring-web\3.0.0\springfox-spring-web-3.0.0.jar;C:\Users\jitendra.ghasle\.m2\repository\io\springfox\springfox-spring-webmvc\3.0.0\springfox-spring-webmvc-3.0.0.jar;C:\Users\jitendra.ghasle\.m2\repository\io\springfox\springfox-spring-webflux\3.0.0\springfox-spring-webflux-3.0.0.jar;C:\Users\jitendra.ghasle\.m2\repository\io\springfox\springfox-swagger-common\3.0.0\springfox-swagger-common-3.0.0.jar;C:\Users\jitendra.ghasle\.m2\repository\org\mapstruct\mapstruct\1.3.1.Final\mapstruct-1.3.1.Final.jar;C:\Users\jitendra.ghasle\.m2\repository\io\springfox\springfox-data-rest\3.0.0\springfox-data-rest-3.0.0.jar;C:\Users\jitendra.ghasle\.m2\repository\io\springfox\springfox-bean-validators\3.0.0\springfox-bean-validators-3.0.0.jar;C:\Users\jitendra.ghasle\.m2\repository\io\springfox\springfox-swagger2\3.0.0\springfox-swagger2-3.0.0.jar;C:\Users\jitendra.ghasle\.m2\repository\io\swagger\swagger-annotations\1.5.20\swagger-annotations-1.5.20.jar;C:\Users\jitendra.ghasle\.m2\repository\io\swagger\swagger-models\1.5.20\swagger-models-1.5.20.jar;C:\Users\jitendra.ghasle\.m2\repository\io\springfox\springfox-swagger-ui\3.0.0\springfox-swagger-ui-3.0.0.jar;C:\Users\jitendra.ghasle\.m2\repository\com\fasterxml\classmate\1.6.0\classmate-1.6.0.jar;C:\Users\jitendra.ghasle\.m2\repository\org\slf4j\slf4j-api\2.0.16\slf4j-api-2.0.16.jar;C:\Users\jitendra.ghasle\.m2\repository\org\springframework\plugin\spring-plugin-core\2.0.0.RELEASE\spring-plugin-core-2.0.0.RELEASE.jar;C:\Users\jitendra.ghasle\.m2\repository\org\springframework\plugin\spring-plugin-metadata\2.0.0.RELEASE\spring-plugin-metadata-2.0.0.RELEASE.jar;C:\Users\jitendra.ghasle\.m2\repository\org\springframework\boot\spring-boot-starter\3.2.9\spring-boot-starter-3.2.9.jar;C:\Users\jitendra.ghasle\.m2\repository\org\springframework\boot\spring-boot-starter-logging\3.2.9\spring-boot-starter-logging-3.2.9.jar;C:\Users\jitendra.ghasle\.m2\repository\ch\qos\logback\logback-classic\1.4.14\logback-classic-1.4.14.jar;C:\Users\jitendra.ghasle\.m2\repository\ch\qos\logback\logback-core\1.4.14\logback-core-1.4.14.jar;C:\Users\jitendra.ghasle\.m2\repository\org\apache\logging\log4j\log4j-to-slf4j\2.21.1\log4j-to-slf4j-2.21.1.jar;C:\Users\jitendra.ghasle\.m2\repository\org\slf4j\jul-to-slf4j\2.0.16\jul-to-slf4j-2.0.16.jar;C:\Users\jitendra.ghasle\.m2\repository\jakarta\annotation\jakarta.annotation-api\2.1.1\jakarta.annotation-api-2.1.1.jar;C:\Users\jitendra.ghasle\.m2\repository\org\yaml\snakeyaml\2.2\snakeyaml-2.2.jar;C:\Users\jitendra.ghasle\.m2\repository\com\itextpdf\itextpdf\5.5.13.3\itextpdf-5.5.13.3.jar;C:\Users\jitendra.ghasle\.m2\repository\org\jsoup\jsoup\1.14.3\jsoup-1.14.3.jar;C:\Users\jitendra.ghasle\.m2\repository\commons-fileupload\commons-fileupload\1.4\commons-fileupload-1.4.jar;C:\Users\jitendra.ghasle\.m2\repository\org\apache\xmlbeans\xmlbeans\5.1.1\xmlbeans-5.1.1.jar;C:\Users\jitendra.ghasle\.m2\repository\org\apache\commons\commons-compress\1.21\commons-compress-1.21.jar;C:\Users\jitendra.ghasle\.m2\repository\com\fasterxml\jackson\core\jackson-core\2.15.4\jackson-core-2.15.4.jar;C:\Users\jitendra.ghasle\.m2\repository\com\fasterxml\jackson\core\jackson-annotations\2.15.4\jackson-annotations-2.15.4.jar
Launcher Type: SUN_STANDARD

[Global flags]
     intx CICompilerCount                          = 3                                         {product} {ergonomic}
     uint ConcGCThreads                            = 2                                         {product} {ergonomic}
     uint G1ConcRefinementThreads                  = 6                                         {product} {ergonomic}
   size_t G1HeapRegionSize                         = 2097152                                   {product} {ergonomic}
    uintx GCDrainStackTargetSize                   = 64                                        {product} {ergonomic}
   size_t InitialHeapSize                          = 266338304                                 {product} {ergonomic}
     bool ManagementServer                         = true                                      {product} {command line}
   size_t MarkStackSize                            = 4194304                                   {product} {ergonomic}
   size_t MaxHeapSize                              = 4236247040                                {product} {ergonomic}
   size_t MaxNewSize                               = 2541748224                                {product} {ergonomic}
   size_t MinHeapDeltaBytes                        = 2097152                                   {product} {ergonomic}
   size_t MinHeapSize                              = 8388608                                   {product} {ergonomic}
    uintx NonNMethodCodeHeapSize                   = 4096                                   {pd product} {ergonomic}
    uintx NonProfiledCodeHeapSize                  = 0                                      {pd product} {ergonomic}
     bool ProfileInterpreter                       = false                                  {pd product} {command line}
    uintx ProfiledCodeHeapSize                     = 0                                      {pd product} {ergonomic}
     bool ShowCodeDetailsInExceptionMessages       = true                                   {manageable} {command line}
   size_t SoftMaxHeapSize                          = 4236247040                             {manageable} {ergonomic}
     intx TieredStopAtLevel                        = 1                                         {product} {command line}
     bool UseCompressedOops                        = true                           {product lp64_product} {ergonomic}
     bool UseG1GC                                  = true                                      {product} {ergonomic}
     bool UseLargePagesIndividualAllocation        = false                                  {pd product} {ergonomic}

Logging:
Log output configuration:
 #0: stdout all=warning uptime,level,tags foldmultilines=false
 #1: stderr all=off uptime,level,tags foldmultilines=false

Environment Variables:
JAVA_HOME=C:\Program Files\Java\jdk1.8.0_202
PATH=E:\spring-tool-suite\sts-4.27.0.RELEASE\plugins\org.eclipse.justj.openjdk.hotspot.jre.full.win32.x86_64_21.0.5.v20241023-1957\jre\bin;E:/spring-tool-suite/sts-4.27.0.RELEASE//plugins/org.eclipse.justj.openjdk.hotspot.jre.full.win32.x86_64_21.0.5.v20241023-1957/jre/bin/server;E:/spring-tool-suite/sts-4.27.0.RELEASE//plugins/org.eclipse.justj.openjdk.hotspot.jre.full.win32.x86_64_21.0.5.v20241023-1957/jre/bin;C:\Python313\Scripts\;C:\Python313\;E:\WINDOWS.X64_193000_db_home\bin;E:\software\WINDOWS.X64_193000_db_home\bin;C:\Program Files\Common Files\Oracle\Java\javapath;C:\Program Files (x86)\Common Files\Oracle\Java\javapath;C:\WINDOWS\system32;C:\WINDOWS;C:\WINDOWS\System32\Wbem;C:\WINDOWS\System32\WindowsPowerShell\v1.0\;C:\WINDOWS\System32\OpenSSH\;C:\Program Files (x86)\Microsoft SQL Server\100\Tools\Binn\;C:\Program Files\Microsoft SQL Server\100\Tools\Binn\;C:\Program Files\Microsoft SQL Server\100\DTS\Binn\;C:\WINDOWS\system32\config\systemprofile\.dnx\bin;C:\Program Files\Microsoft DNX\Dnvm\;C:\Program Files\Microsoft SQL Server\120\Tools\Binn\;C:\Program Files (x86)\Microsoft Emulator Manager\1.0\;C:\Program Files (x86)\nodejs\;C:\Program Files\Microsoft SQL Server\110\DTS\Binn\;C:\Program Files (x86)\Microsoft SQL Server\110\Tools\Binn\ManagementStudio\;C:\Program Files (x86)\Microsoft SQL Server\110\Tools\Binn\;C:\Program Files\Microsoft SQL Server\110\Tools\Binn\;C:\Program Files (x86)\Microsoft Visual Studio 10.0\Common7\IDE\PrivateAssemblies\;C:\Program Files (x86)\Microsoft SQL Server\110\DTS\Binn\;C:\Program Files (x86)\Microsoft SQL Server\150\DTS\Binn\;C:\Program Files\Azure Data Studio\bin;C:\Program Files (x86)\Microsoft SQL Server\160\DTS\Binn\;C:\Program Files\Microsoft SQL Server\150\Tools\Binn\;C:\Program Files\Microsoft SQL Server\Client SDK\ODBC\170\Tools\Binn\;C:\Program Files\dotnet\;C:\Program Files\nodejs;C:\Users\Hemant.Patil\AppData\Roaming\npm;C:\Program Files\PuTTY\;C:\Program Files\Java\jdk1.8.0_202\bin;C:\ProgramData\chocolatey\bin;C:\Program Files\Java\jdk1.8.0_202;C:\Program Files\Common Files\Oracle\Java\javapath;C:\Program Files (x86)\Common Files\Oracle\Java\javapath;C:\WINDOWS\system32;C:\WINDOWS;C:\WINDOWS\System32\Wbem;C:\WINDOWS\System32\WindowsPowerShell\v1.0\;C:\WINDOWS\System32\OpenSSH\;C:\Program Files (x86)\Microsoft SQL Server\100\Tools\Binn\;C:\Program Files\Microsoft SQL Server\100\Tools\Binn\;C:\Program Files\Microsoft SQL Server\100\DTS\Binn\;C:\Users\jitendra.ghasle\.dnx\bin;C:\Program Files\Microsoft DNX\Dnvm\;C:\Program Files\Microsoft SQL Server\120\Tools\Binn\;C:\Program Files (x86)\Microsoft Emulator Manager\1.0\;C:\Program Files (x86)\nodejs\;C:\Program Files (x86)\Windows Kits\10\Windows Performance Toolkit\;C:\Program Files\Microsoft SQL Server\110\DTS\Binn\;C:\Program Files (x86)\Microsoft SQL Server\110\Tools\Binn\ManagementStudio\;C:\Program Files (x86)\Microsoft SQL Server\110\Tools\Binn\;C:\Program Files\Microsoft SQL Server\110\Tools\Binn\;C:\Program Files (x86)\Microsoft Visual Studio 10.0\Common7\;C:\Users\jitendra.ghasle\AppData\Local\Programs\Microsoft VS Code\bin;C:\Users\jitendra.ghasle\AppData\Roaming\npm;E:\spring-tool-suite\sts-4.27.0.RELEASE;
USERNAME=Jitendra.Ghasle
OS=Windows_NT
PROCESSOR_IDENTIFIER=Intel64 Family 6 Model 158 Stepping 10, GenuineIntel
TMP=C:\Users\JITEND~1.GHA\AppData\Local\Temp
TEMP=C:\Users\JITEND~1.GHA\AppData\Local\Temp




Periodic native trim disabled

---------------  S Y S T E M  ---------------

OS:
 Windows 10 , 64 bit Build 19041 (10.0.19041.3636)
OS uptime: 6 days 22:24 hours
Hyper-V role detected

CPU: total 6 (initial active 6) (6 cores per cpu, 1 threads per core) family 6 model 158 stepping 10 microcode 0xf4, cx8, cmov, fxsr, mmx, 3dnowpref, sse, sse2, sse3, ssse3, sse4.1, sse4.2, popcnt, lzcnt, tsc, tscinvbit, avx, avx2, aes, erms, clmul, bmi1, bmi2, rtm, adx, fma, vzeroupper, clflush, clflushopt, hv, rdtscp, f16c
Processor Information for all 6 processors :
  Max Mhz: 3000, Current Mhz: 3000, Mhz Limit: 3000

Memory: 4k page, system-wide physical 16158M (2267M free)
TotalPageFile size 38078M (AvailPageFile size 6963M)
current process WorkingSet (physical memory assigned to process): 449M, peak: 640M
current process commit charge ("private bytes"): 497M, peak: 712M

vm_info: OpenJDK 64-Bit Server VM (21.0.5+11-LTS) for windows-amd64 JRE (21.0.5+11-LTS), built on 2024-10-15T00:00:00Z by "admin" with MS VC++ 17.7 (VS2022)

END.
